<?xml version="1.0" encoding="utf-8"?><testsuites name="pytest tests"><testsuite name="pytest" errors="0" failures="0" skipped="0" tests="9" time="5.116" timestamp="2026-01-10T08:40:29.702936+07:00" hostname="Ruslees-iMac.local"><testcase classname="tests.api.test_mea_postman" name="test_00_connection_setup" time="2.005" /><testcase classname="tests.api.test_mea_postman" name="test_remote_start_transaction" time="0.441" /><testcase classname="tests.api.test_mea_postman" name="test_remote_stop_transaction" time="0.463" /><testcase classname="tests.api.test_mea_postman" name="test_reserve_now" time="0.361" /><testcase classname="tests.api.test_mea_postman" name="test_cancel_reservation" time="0.341" /><testcase classname="tests.api.test_mea_postman" name="test_change_configuration" time="0.340" /><testcase classname="tests.api.test_mea_postman" name="test_set_charging_profile" time="0.363" /><testcase classname="tests.api.test_mea_postman" name="test_remote_reset" time="0.358" /><testcase classname="tests.api.test_mea_postman" name="test_get_configuration" time="0.346" /></testsuite></testsuites>