<?xml version="1.0" encoding="utf-8"?><testsuites name="pytest tests"><testsuite name="pytest" errors="0" failures="0" skipped="0" tests="21" time="21.982" timestamp="2026-01-10T23:51:03.249124+07:00" hostname="Ruslees-iMac.local"><testcase classname="tests.api.test_mea_section4.TestMeaSection4" name="test_4_01_reset_hard" time="5.357" /><testcase classname="tests.api.test_mea_section4.TestMeaSection4" name="test_4_02_boot_notification" time="0.000" /><testcase classname="tests.api.test_mea_section4.TestMeaSection4" name="test_4_03_status_notification_unplug" time="1.002" /><testcase classname="tests.api.test_mea_section4.TestMeaSection4" name="test_4_04_status_notification_plug" time="1.001" /><testcase classname="tests.api.test_mea_section4.TestMeaSection4" name="test_4_05_remote_start_transaction" time="0.356" /><testcase classname="tests.api.test_mea_section4.TestMeaSection4" name="test_4_06_start_transaction" time="2.001" /><testcase classname="tests.api.test_mea_section4.TestMeaSection4" name="test_4_07_status_notification_charging" time="1.001" /><testcase classname="tests.api.test_mea_section4.TestMeaSection4" name="test_4_08_meter_values" time="1.001" /><testcase classname="tests.api.test_mea_section4.TestMeaSection4" name="test_4_09_reset_soft" time="1.352" /><testcase classname="tests.api.test_mea_section4.TestMeaSection4" name="test_4_10_stop_transaction" time="0.000" /><testcase classname="tests.api.test_mea_section4.TestMeaSection4" name="test_4_11_status_notification_plug" time="0.000" /><testcase classname="tests.api.test_mea_section4.TestMeaSection4" name="test_4_12_status_notification_unplug" time="1.002" /><testcase classname="tests.api.test_mea_section4.TestMeaSection4" name="test_4_13_status_notification_plug" time="1.003" /><testcase classname="tests.api.test_mea_section4.TestMeaSection4" name="test_4_14_remote_start_transaction" time="0.456" /><testcase classname="tests.api.test_mea_section4.TestMeaSection4" name="test_4_15_start_transaction" time="2.002" /><testcase classname="tests.api.test_mea_section4.TestMeaSection4" name="test_4_16_status_notification_charging" time="1.005" /><testcase classname="tests.api.test_mea_section4.TestMeaSection4" name="test_4_17_meter_values" time="1.005" /><testcase classname="tests.api.test_mea_section4.TestMeaSection4" name="test_4_18_reset_hard" time="1.334" /><testcase classname="tests.api.test_mea_section4.TestMeaSection4" name="test_4_19_stop_transaction" time="0.000" /><testcase classname="tests.api.test_mea_section4.TestMeaSection4" name="test_4_20_status_notification_plug" time="0.000" /><testcase classname="tests.api.test_mea_section4.TestMeaSection4" name="test_4_21_status_notification_unplug" time="1.005" /></testsuite></testsuites>