<?xml version="1.0" encoding="utf-8"?><testsuites name="pytest tests"><testsuite name="pytest" errors="0" failures="0" skipped="0" tests="15" time="13.829" timestamp="2026-01-11T00:28:55.208344+07:00" hostname="Ruslees-iMac.local"><testcase classname="tests.api.test_mea_section5.TestMeaSection5" name="test_5_01_status_available" time="3.009" /><testcase classname="tests.api.test_mea_section5.TestMeaSection5" name="test_5_02_reserve_now" time="0.336" /><testcase classname="tests.api.test_mea_section5.TestMeaSection5" name="test_5_04_cancel_reservation" time="0.331" /><testcase classname="tests.api.test_mea_section5.TestMeaSection5" name="test_5_06_reserve_now_expiry" time="0.342" /><testcase classname="tests.api.test_mea_section5.TestMeaSection5" name="test_5_09_reserve_now" time="4.696" /><testcase classname="tests.api.test_mea_section5.TestMeaSection5" name="test_5_10_status_reserved" time="0.000" /><testcase classname="tests.api.test_mea_section5.TestMeaSection5" name="test_5_11_status_plug" time="0.131" /><testcase classname="tests.api.test_mea_section5.TestMeaSection5" name="test_5_12_remote_start_transaction" time="0.459" /><testcase classname="tests.api.test_mea_section5.TestMeaSection5" name="test_5_13_start_transaction" time="0.000" /><testcase classname="tests.api.test_mea_section5.TestMeaSection5" name="test_5_14_status_notification_charging" time="0.000" /><testcase classname="tests.api.test_mea_section5.TestMeaSection5" name="test_5_15_meter_values" time="2.004" /><testcase classname="tests.api.test_mea_section5.TestMeaSection5" name="test_5_16_remote_stop_transaction" time="2.434" /><testcase classname="tests.api.test_mea_section5.TestMeaSection5" name="test_5_17_stop_transaction" time="0.000" /><testcase classname="tests.api.test_mea_section5.TestMeaSection5" name="test_5_18_status_plug" time="0.000" /><testcase classname="tests.api.test_mea_section5.TestMeaSection5" name="test_5_19_status_notification_unplug" time="0.000" /></testsuite></testsuites>