<?xml version="1.0" encoding="utf-8"?><testsuites name="pytest tests"><testsuite name="pytest" errors="0" failures="0" skipped="0" tests="26" time="17.154" timestamp="2026-01-11T19:30:43.196941+07:00" hostname="Ruslees-iMac.local"><testcase classname="tests.api.test_mea_section6.TestMeaSection6" name="test_6_01_status_available" time="2.007"><system-out>--------------------------------- Captured Out ---------------------------------

[EVSE] RAW RECV: [3,"98d00358-47bc-45f6-9a73-68f9a9cf1425",{"currentTime":"2026-01-11T12:31:20Z","interval":3600,"status":"Accepted"}]

[EVSE] BootNotification ACCEPTED

[EVSE] RAW RECV: [3,"a07d2400-290b-474d-8413-02bc360d018a",{}]

[EVSE] StatusNotification ACKNOWLEDGED (Available)

[EVSE] RAW RECV: [3,"c6198f2f-aa51-4e60-82ec-e897bb679442",{}]

[EVSE] StatusNotification ACKNOWLEDGED (Available)

[EVSE] RAW RECV: [3,"b33994e3-338e-4b8b-b8b0-91f790d2357a",{"currentTime":"2026-01-11T12:31:20Z"}]

[EVSE] Heartbeat ACKNOWLEDGED (Time: 2026-01-11T12:31:20Z)

[TestMeaSection6] Extended Logging ENABLED for Report Generation

--- 6.1 StatusNotification (Available) ---

</system-out></testcase><testcase classname="tests.api.test_mea_section6.TestMeaSection6" name="test_6_02_status_preparing" time="0.090"><system-out>--------------------------------- Captured Out ---------------------------------

--- 6.2 StatusNotification (Preparing) ---

[EVSE] SENDING Packet: StatusNotification (Available)

[EVSE] RAW RECV: [3,"b7bfeafe-5b7f-4f68-9a43-2e33499c8fa8",{}]

[EVSE] StatusNotification ACKNOWLEDGED (Available)

[EVSE] SENDING Packet: StatusNotification (Preparing)

[EVSE] RAW RECV: [3,"f7eec074-4abe-4954-a2cf-135a01f83c6a",{}]

[EVSE] StatusNotification ACKNOWLEDGED (Preparing)

</system-out></testcase><testcase classname="tests.api.test_mea_section6.TestMeaSection6" name="test_6_03_authorize" time="0.173"><system-out>--------------------------------- Captured Out ---------------------------------

--- 6.3 Authorize ---

[EVSE] SENDING Packet: Authorize (idTag=RFID_SIM)

[EVSE] RAW RECV: [3,"3b24ff20-1b7d-48c3-8179-c92fe3d308d6",{"idTagInfo":{"expiryDate":"2031-01-30T12:00:44Z","parentIdTag":"pid2025","status":"Accepted"}}]

[EVSE] Authorize ACKNOWLEDGED (Accepted)

</system-out></testcase><testcase classname="tests.api.test_mea_section6.TestMeaSection6" name="test_6_04_start_transaction" time="0.236"><system-out>--------------------------------- Captured Out ---------------------------------

--- 6.4 StartTransaction ---

[EVSE] SENDING Packet: StatusNotification (Preparing)

[EVSE] RAW RECV: [3,"879282b9-7183-4849-a6fb-0e1a497d5ce0",{}]

[EVSE] StatusNotification ACKNOWLEDGED (Preparing)

[EVSE] SENDING Packet: StartTransaction
Payload: {
  "connector_id": 1,
  "id_tag": "RFID_SIM",
  "meter_start": 0,
  "timestamp": "2026-01-11T12:30:45Z"
}

[EVSE] RAW RECV: [3,"9d363040-933d-4693-959e-5f8a7df797e1",{"idTagInfo":{"expiryDate":"2031-01-30T12:00:44Z","parentIdTag":"pid2025","status":"Accepted"},"transactionId":7636}]

[EVSE] SENDING Packet: StatusNotification (Charging)

</system-out></testcase><testcase classname="tests.api.test_mea_section6.TestMeaSection6" name="test_6_05_status_charging" time="0.038"><system-out>--------------------------------- Captured Out ---------------------------------

--- 6.5 StatusNotification (Charging) ---

[EVSE] RAW RECV: [3,"d4758252-76c5-4a8d-a248-716704b12794",{}]

[EVSE] StatusNotification ACKNOWLEDGED (Charging)

</system-out></testcase><testcase classname="tests.api.test_mea_section6.TestMeaSection6" name="test_6_06_meter_values" time="2.002"><system-out>--------------------------------- Captured Out ---------------------------------

--- 6.6 MeterValues ---

[EVSE] SENDING Packet: MeterValues (One-off)

[EVSE] RAW RECV: [3,"2ccfb2ef-9f55-4d3f-8514-7fa97f90b817",{}]

[EVSE] MeterValues ACKNOWLEDGED

</system-out></testcase><testcase classname="tests.api.test_mea_section6.TestMeaSection6" name="test_6_07_set_charging_profile_1" time="0.349"><system-out>--------------------------------- Captured Out ---------------------------------

--- 6.7 SetChargingProfile (TxProfile) ---

[EVSE] RAW RECV: [2,"7151f62eeee911f097140242c0a8300e","SetChargingProfile",{"connectorId":1,"csChargingProfiles":{"chargingProfileId":101,"chargingProfileKind":"Absolute","chargingProfilePurpose":"TxProfile","chargingSchedule":{"chargingRateUnit":"W","chargingSchedulePeriod":[{"limit":5000,"numberPhases":3,"startPeriod":0}],"duration":3600,"startSchedule":"2026-01-11T12:31:47.863497Z"},"recurrencyKind":"Daily","stackLevel":1,"transactionId":7636,"validFrom":"2026-01-11T12:29:47.863497Z","validTo":"2026-01-12T12:30:47.863497Z"}}]

[EVSE] RECV Packet: SetChargingProfile
Payload: {
  "connectorId": 1,
  "csChargingProfiles": {
    "charging_profile_id": 101,
    "charging_profile_kind": "Absolute",
    "charging_profile_purpose": "TxProfile",
    "charging_schedule": {
      "charging_rate_unit": "W",
      "charging_schedule_period": [
        {
          "limit": 5000,
          "number_phases": 3,
          "start_period": 0
        }
      ],
      "duration": 3600,
      "start_schedule": "2026-01-11T12:31:47.863497Z"
    },
    "recurrency_kind": "Daily",
    "stack_level": 1,
    "transaction_id": 7636,
    "valid_from": "2026-01-11T12:29:47.863497Z",
    "valid_to": "2026-01-12T12:30:47.863497Z"
  }
}

[EVSE] Sending SetChargingProfile Response (Accepted)
SetChargingProfile Resp: {"status":"OK","code":200,"messages":"OK","server-time":"2026-01-11T12:31:24Z","result":{"status":"Accepted"}}

</system-out></testcase><testcase classname="tests.api.test_mea_section6.TestMeaSection6" name="test_6_08_meter_values" time="2.005"><system-out>--------------------------------- Captured Out ---------------------------------

--- 6.8 MeterValues ---

[EVSE] SENDING Packet: MeterValues (One-off)

[EVSE] RAW RECV: [3,"1a16e2b2-7135-43f2-97c3-b23df9a1b39f",{}]

[EVSE] MeterValues ACKNOWLEDGED

</system-out></testcase><testcase classname="tests.api.test_mea_section6.TestMeaSection6" name="test_6_09_set_charging_profile_2" time="0.348"><system-out>--------------------------------- Captured Out ---------------------------------

--- 6.9 SetChargingProfile (Update/New) ---

--- 6.7 SetChargingProfile (TxProfile) ---

[EVSE] RAW RECV: [2,"72b94224eee911f0b2ed0242c0a8300e","SetChargingProfile",{"connectorId":1,"csChargingProfiles":{"chargingProfileId":101,"chargingProfileKind":"Absolute","chargingProfilePurpose":"TxProfile","chargingSchedule":{"chargingRateUnit":"W","chargingSchedulePeriod":[{"limit":5000,"numberPhases":3,"startPeriod":0}],"duration":3600,"startSchedule":"2026-01-11T12:31:50.219177Z"},"recurrencyKind":"Daily","stackLevel":1,"transactionId":7636,"validFrom":"2026-01-11T12:29:50.219177Z","validTo":"2026-01-12T12:30:50.219177Z"}}]

[EVSE] RECV Packet: SetChargingProfile
Payload: {
  "connectorId": 1,
  "csChargingProfiles": {
    "charging_profile_id": 101,
    "charging_profile_kind": "Absolute",
    "charging_profile_purpose": "TxProfile",
    "charging_schedule": {
      "charging_rate_unit": "W",
      "charging_schedule_period": [
        {
          "limit": 5000,
          "number_phases": 3,
          "start_period": 0
        }
      ],
      "duration": 3600,
      "start_schedule": "2026-01-11T12:31:50.219177Z"
    },
    "recurrency_kind": "Daily",
    "stack_level": 1,
    "transaction_id": 7636,
    "valid_from": "2026-01-11T12:29:50.219177Z",
    "valid_to": "2026-01-12T12:30:50.219177Z"
  }
}

[EVSE] Sending SetChargingProfile Response (Accepted)
SetChargingProfile Resp: {"status":"OK","code":200,"messages":"OK","server-time":"2026-01-11T12:31:26Z","result":{"status":"Accepted"}}

</system-out></testcase><testcase classname="tests.api.test_mea_section6.TestMeaSection6" name="test_6_10_meter_values" time="2.001"><system-out>--------------------------------- Captured Out ---------------------------------

--- 6.10 MeterValues ---

[EVSE] SENDING Packet: MeterValues (One-off)

[EVSE] RAW RECV: [3,"6c8bdb72-2a5c-4f1f-864f-d52b06e7349b",{}]

[EVSE] MeterValues ACKNOWLEDGED

[EVSE] SENDING Packet: MeterValues (TxID: 7636)

[EVSE] RAW RECV: [3,"f1ebd7d4-a112-4922-b6ae-714b9fd4ff2a",{}]

[EVSE] MeterValues ACKNOWLEDGED

</system-out></testcase><testcase classname="tests.api.test_mea_section6.TestMeaSection6" name="test_6_11_stop_transaction" time="0.126"><system-out>--------------------------------- Captured Out ---------------------------------

--- 6.11 StopTransaction ---

[EVSE] SENDING Packet: StatusNotification (Finishing)

[EVSE] RAW RECV: [3,"cb092429-650f-4b78-8594-ed2d53d96193",{}]

[EVSE] StatusNotification ACKNOWLEDGED (Finishing)

[EVSE] SENDING Packet: StopTransaction (ID: 7636, Reason: None)

[EVSE] RAW RECV: [3,"b95ae798-c72c-454f-9548-8ae692891c17",{}]

[EVSE] SENDING Packet: StatusNotification (Available)

</system-out></testcase><testcase classname="tests.api.test_mea_section6.TestMeaSection6" name="test_6_12_status_finishing" time="0.001"><system-out>--------------------------------- Captured Out ---------------------------------

--- 6.12 StatusNotification (Finishing) ---
DEBUG: Found 'StatusNotification ACKNOWLEDGED (Finishing)' in buffer

</system-out></testcase><testcase classname="tests.api.test_mea_section6.TestMeaSection6" name="test_6_13_status_available" time="0.001"><system-out>--------------------------------- Captured Out ---------------------------------

--- 6.13 StatusNotification (Available) ---
DEBUG: Found 'StatusNotification ACKNOWLEDGED (Available)' in buffer

</system-out></testcase><testcase classname="tests.api.test_mea_section6.TestMeaSection6" name="test_6_14_status_preparing" time="0.001"><system-out>--------------------------------- Captured Out ---------------------------------

--- 6.14 StatusNotification (Preparing) ---
DEBUG: Found 'StatusNotification ACKNOWLEDGED (Preparing)' in buffer

</system-out></testcase><testcase classname="tests.api.test_mea_section6.TestMeaSection6" name="test_6_15_remote_start_transaction" time="0.434"><system-out>--------------------------------- Captured Out ---------------------------------

--- 6.15 RemoteStartTransaction ---

[EVSE] RAW RECV: [3,"485dbc34-3614-4fa5-91fd-965f8299c809",{}]

[EVSE] StatusNotification ACKNOWLEDGED (Available)

[EVSE] SENDING Packet: StatusNotification (Preparing)

[EVSE] RAW RECV: [3,"00f9a7f0-9dc8-464b-bbbb-774b60d76cf6",{}]

[EVSE] StatusNotification ACKNOWLEDGED (Preparing)

[EVSE] RAW RECV: [2,"74333deeeee911f0a18f0242c0a8300e","RemoteStartTransaction",{"connectorId":1,"idTag":"RFID_SIM"}]

[EVSE] RECV Packet: RemoteStartTransaction
Payload: {
  "idTag": "RFID_SIM",
  "connectorId": 1
}

[EVSE] Sending RemoteStartTransaction Response (Accepted)

[EVSE] SENDING Packet: StatusNotification (Preparing)

[EVSE] RAW RECV: [3,"ef75c1e6-439d-4350-84a9-aa4e9dc6206e",{}]

[EVSE] StatusNotification ACKNOWLEDGED (Preparing)

[EVSE] SENDING Packet: StartTransaction
Payload: {
  "connector_id": 1,
  "id_tag": "RFID_SIM",
  "meter_start": 0,
  "timestamp": "2026-01-11T12:30:52Z"
}

[EVSE] RAW RECV: [3,"007b038a-ac8a-40a0-acec-ec2eb1177cdb",{"idTagInfo":{"expiryDate":"2031-01-30T12:00:44Z","parentIdTag":"pid2025","status":"Accepted"},"transactionId":7637}]

[EVSE] SENDING Packet: StatusNotification (Charging)

[EVSE] RAW RECV: [3,"aaae1031-d822-4441-8547-61e5968f58cf",{}]

[EVSE] StatusNotification ACKNOWLEDGED (Charging)

</system-out></testcase><testcase classname="tests.api.test_mea_section6.TestMeaSection6" name="test_6_16_start_transaction" time="0.001"><system-out>--------------------------------- Captured Out ---------------------------------

--- 6.16 StartTransaction ---

</system-out></testcase><testcase classname="tests.api.test_mea_section6.TestMeaSection6" name="test_6_17_status_charging" time="0.001"><system-out>--------------------------------- Captured Out ---------------------------------

--- 6.17 StatusNotification (Charging) ---

</system-out></testcase><testcase classname="tests.api.test_mea_section6.TestMeaSection6" name="test_6_18_meter_values" time="2.005"><system-out>--------------------------------- Captured Out ---------------------------------

--- 6.18 MeterValues ---

[EVSE] SENDING Packet: MeterValues (One-off)

[EVSE] RAW RECV: [3,"a1f5310b-9064-4e07-82c7-bedb0e835ef1",{}]

[EVSE] MeterValues ACKNOWLEDGED

</system-out></testcase><testcase classname="tests.api.test_mea_section6.TestMeaSection6" name="test_6_19_set_charging_profile_3" time="0.362"><system-out>--------------------------------- Captured Out ---------------------------------

--- 6.19 SetChargingProfile ---

--- 6.7 SetChargingProfile (TxProfile) ---

[EVSE] RAW RECV: [2,"75aa3e0eeee911f0af490242c0a8300e","SetChargingProfile",{"connectorId":1,"csChargingProfiles":{"chargingProfileId":101,"chargingProfileKind":"Absolute","chargingProfilePurpose":"TxProfile","chargingSchedule":{"chargingRateUnit":"W","chargingSchedulePeriod":[{"limit":5000,"numberPhases":3,"startPeriod":0}],"duration":3600,"startSchedule":"2026-01-11T12:31:55.143387Z"},"recurrencyKind":"Daily","stackLevel":1,"transactionId":7637,"validFrom":"2026-01-11T12:29:55.143387Z","validTo":"2026-01-12T12:30:55.143387Z"}}]

[EVSE] RECV Packet: SetChargingProfile
Payload: {
  "connectorId": 1,
  "csChargingProfiles": {
    "charging_profile_id": 101,
    "charging_profile_kind": "Absolute",
    "charging_profile_purpose": "TxProfile",
    "charging_schedule": {
      "charging_rate_unit": "W",
      "charging_schedule_period": [
        {
          "limit": 5000,
          "number_phases": 3,
          "start_period": 0
        }
      ],
      "duration": 3600,
      "start_schedule": "2026-01-11T12:31:55.143387Z"
    },
    "recurrency_kind": "Daily",
    "stack_level": 1,
    "transaction_id": 7637,
    "valid_from": "2026-01-11T12:29:55.143387Z",
    "valid_to": "2026-01-12T12:30:55.143387Z"
  }
}

[EVSE] Sending SetChargingProfile Response (Accepted)
SetChargingProfile Resp: {"status":"OK","code":200,"messages":"OK","server-time":"2026-01-11T12:31:31Z","result":{"status":"Accepted"}}

</system-out></testcase><testcase classname="tests.api.test_mea_section6.TestMeaSection6" name="test_6_20_meter_values" time="2.005"><system-out>--------------------------------- Captured Out ---------------------------------

--- 6.20 MeterValues ---

[EVSE] SENDING Packet: MeterValues (One-off)

[EVSE] RAW RECV: [3,"e7dfe9e5-b0f0-41eb-ad0d-81b284217a02",{}]

[EVSE] MeterValues ACKNOWLEDGED

</system-out></testcase><testcase classname="tests.api.test_mea_section6.TestMeaSection6" name="test_6_21_set_charging_profile_4" time="0.356"><system-out>--------------------------------- Captured Out ---------------------------------

--- 6.21 SetChargingProfile ---

--- 6.7 SetChargingProfile (TxProfile) ---

[EVSE] RAW RECV: [2,"77126baeeee911f0a5a30242c0a8300e","SetChargingProfile",{"connectorId":1,"csChargingProfiles":{"chargingProfileId":101,"chargingProfileKind":"Absolute","chargingProfilePurpose":"TxProfile","chargingSchedule":{"chargingRateUnit":"W","chargingSchedulePeriod":[{"limit":5000,"numberPhases":3,"startPeriod":0}],"duration":3600,"startSchedule":"2026-01-11T12:31:57.511460Z"},"recurrencyKind":"Daily","stackLevel":1,"transactionId":7637,"validFrom":"2026-01-11T12:29:57.511460Z","validTo":"2026-01-12T12:30:57.511460Z"}}]

[EVSE] RECV Packet: SetChargingProfile
Payload: {
  "connectorId": 1,
  "csChargingProfiles": {
    "charging_profile_id": 101,
    "charging_profile_kind": "Absolute",
    "charging_profile_purpose": "TxProfile",
    "charging_schedule": {
      "charging_rate_unit": "W",
      "charging_schedule_period": [
        {
          "limit": 5000,
          "number_phases": 3,
          "start_period": 0
        }
      ],
      "duration": 3600,
      "start_schedule": "2026-01-11T12:31:57.511460Z"
    },
    "recurrency_kind": "Daily",
    "stack_level": 1,
    "transaction_id": 7637,
    "valid_from": "2026-01-11T12:29:57.511460Z",
    "valid_to": "2026-01-12T12:30:57.511460Z"
  }
}

[EVSE] Sending SetChargingProfile Response (Accepted)
SetChargingProfile Resp: {"status":"OK","code":200,"messages":"OK","server-time":"2026-01-11T12:31:33Z","result":{"status":"Accepted"}}

</system-out></testcase><testcase classname="tests.api.test_mea_section6.TestMeaSection6" name="test_6_22_meter_values" time="2.005"><system-out>--------------------------------- Captured Out ---------------------------------

--- 6.22 MeterValues ---

[EVSE] SENDING Packet: MeterValues (One-off)

[EVSE] RAW RECV: [3,"78686844-b021-4b3e-b6d8-6f677ff92127",{}]

[EVSE] MeterValues ACKNOWLEDGED

[EVSE] SENDING Packet: MeterValues (TxID: 7637)

[EVSE] RAW RECV: [3,"aab52583-59b3-4578-ae6b-c2864a7984cc",{}]

[EVSE] MeterValues ACKNOWLEDGED

</system-out></testcase><testcase classname="tests.api.test_mea_section6.TestMeaSection6" name="test_6_23_remote_stop_transaction" time="0.473"><system-out>--------------------------------- Captured Out ---------------------------------

--- 6.23 RemoteStopTransaction ---

[EVSE] RAW RECV: [2,"787cccfdeee911f099740242c0a8300e","RemoteStopTransaction",{"transactionId":7637}]

[EVSE] Sending RemoteStopTransaction Response (Accepted)

[EVSE] SENDING Packet: StatusNotification (Finishing)

[EVSE] RAW RECV: [3,"cca11d0e-4f73-475f-b549-7ff02acefb03",{}]

[EVSE] StatusNotification ACKNOWLEDGED (Finishing)

[EVSE] SENDING Packet: StopTransaction (ID: 7637, Reason: Remote)

[EVSE] RAW RECV: [3,"e029fc3a-9afe-4072-9b6a-be1477019155",{}]

[EVSE] SENDING Packet: StatusNotification (Available)

[EVSE] RAW RECV: [3,"f8119e4a-60ec-4f4a-b8ff-096a3011ccf3",{}]

[EVSE] StatusNotification ACKNOWLEDGED (Available)

</system-out></testcase><testcase classname="tests.api.test_mea_section6.TestMeaSection6" name="test_6_24_stop_transaction" time="0.001"><system-out>--------------------------------- Captured Out ---------------------------------

--- 6.24 StopTransaction ---

</system-out></testcase><testcase classname="tests.api.test_mea_section6.TestMeaSection6" name="test_6_25_status_finishing" time="0.001"><system-out>--------------------------------- Captured Out ---------------------------------

--- 6.25 StatusNotification (Finishing) ---
DEBUG: Found 'StatusNotification ACKNOWLEDGED (Finishing)' in buffer

</system-out></testcase><testcase classname="tests.api.test_mea_section6.TestMeaSection6" name="test_6_26_status_available" time="0.001"><system-out>--------------------------------- Captured Out ---------------------------------

--- 6.26 StatusNotification (Available) ---
DEBUG: Found 'StatusNotification ACKNOWLEDGED (Available)' in buffer

[TestMeaSection6] Extended Logging DISABLED

</system-out></testcase></testsuite></testsuites>