<?xml version="1.0" encoding="utf-8"?><testsuites name="pytest tests"><testsuite name="pytest" errors="0" failures="0" skipped="0" tests="50" time="27.230" timestamp="2026-01-11T20:09:52.419406+07:00" hostname="Ruslees-iMac.local"><testcase classname="tests.api.test_mea_section8.TestMeaSection8" name="test_8_01_01_status_available" time="2.009"><system-out>--------------------------------- Captured Out ---------------------------------

[EVSE] RAW RECV: [3,"b73cdb2b-682c-422f-bbb2-30483ab94eb8",{"currentTime":"2026-01-11T13:10:29Z","interval":3600,"status":"Accepted"}]

[EVSE] BootNotification ACCEPTED

[EVSE] RAW RECV: [3,"d27ae17f-e945-4acd-8ffb-74d2b68da121",{}]

[EVSE] StatusNotification ACKNOWLEDGED (Available)

[EVSE] RAW RECV: [3,"646570d4-f385-4d89-9628-5f8606fd527e",{}]

[EVSE] StatusNotification ACKNOWLEDGED (Available)

[EVSE] RAW RECV: [3,"7d904e6c-7841-474a-ac61-a471e30d55ae",{"currentTime":"2026-01-11T13:10:30Z"}]

[EVSE] Heartbeat ACKNOWLEDGED (Time: 2026-01-11T13:10:30Z)

[TestMeaSection8] Extended Logging ENABLED for Report Generation

--- 8.1.1 Status Available (Unplug) ---
DEBUG: Found in queue: [EVSE] Connected to CSMS!
DEBUG: Buffering unmatched: [EVSE] Connected to CSMS!
DEBUG: Found in queue: [EVSE] Sending BootNotification...
DEBUG: Buffering unmatched: [EVSE] Sending BootNotification...
DEBUG: Found in queue: [EVSE] BootNotification ACCEPTED
DEBUG: Buffering unmatched: [EVSE] BootNotification ACCEPTED
DEBUG: Found in queue: [EVSE] Sending StatusNotification (Available)...
DEBUG: Buffering unmatched: [EVSE] Sending StatusNotification (Available)...
DEBUG: Found in queue: [EVSE] StatusNotification ACKNOWLEDGED (Available)

</system-out></testcase><testcase classname="tests.api.test_mea_section8.TestMeaSection8" name="test_8_01_02_status_preparing" time="0.312"><system-out>--------------------------------- Captured Out ---------------------------------

--- 8.1.2 Status Preparing (Plug Both) ---
DEBUG: Found in queue: [EVSE] Sending StatusNotification (Connector 1: Available)...
DEBUG: Buffering unmatched: [EVSE] Sending StatusNotification (Connector 1: Available)...
DEBUG: Found in queue: [EVSE] StatusNotification ACKNOWLEDGED (Available)
DEBUG: Buffering unmatched: [EVSE] StatusNotification ACKNOWLEDGED (Available)
DEBUG: Found in queue: [EVSE] Sending Heartbeat...
DEBUG: Buffering unmatched: [EVSE] Sending Heartbeat...
DEBUG: Found in queue: [EVSE] Heartbeat ACKNOWLEDGED (Time: 2026-01-11T13:10:30Z)
DEBUG: Buffering unmatched: [EVSE] Heartbeat ACKNOWLEDGED (Time: 2026-01-11T13:10:30Z)

[EVSE] SENDING Packet: StatusNotification (Available)
DEBUG: Found in queue: [EVSE] SENDING Packet: StatusNotification (Available)
DEBUG: Buffering unmatched: [EVSE] SENDING Packet: StatusNotification (Available)

[EVSE] RAW RECV: [3,"eb6d5d42-9cee-49e0-baf6-855a6e923c19",{}]

[EVSE] StatusNotification ACKNOWLEDGED (Available)

[EVSE] SENDING Packet: StatusNotification (Available)

[EVSE] RAW RECV: [3,"7b2fedd5-9d09-44f7-aa37-0bae7b2dea80",{}]

[EVSE] StatusNotification ACKNOWLEDGED (Available)

[EVSE] SENDING Packet: StatusNotification (Preparing)
DEBUG: Found in queue: [EVSE] RAW RECV: [3,"eb6d5d42-9cee-49e0-baf6-855a6e923c19",{}]
DEBUG: Buffering unmatched: [EVSE] RAW RECV: [3,"eb6d5d42-9cee-49e0-baf6-855a6e923c19",{}]
DEBUG: Found in queue: [EVSE] StatusNotification ACKNOWLEDGED (Available)
DEBUG: Buffering unmatched: [EVSE] StatusNotification ACKNOWLEDGED (Available)
DEBUG: Found in queue: [EVSE] SENDING Packet: StatusNotification (Available)
DEBUG: Buffering unmatched: [EVSE] SENDING Packet: StatusNotification (Available)
DEBUG: Found in queue: [EVSE] RAW RECV: [3,"7b2fedd5-9d09-44f7-aa37-0bae7b2dea80",{}]
DEBUG: Buffering unmatched: [EVSE] RAW RECV: [3,"7b2fedd5-9d09-44f7-aa37-0bae7b2dea80",{}]
DEBUG: Found in queue: [EVSE] StatusNotification ACKNOWLEDGED (Available)
DEBUG: Buffering unmatched: [EVSE] StatusNotification ACKNOWLEDGED (Available)
DEBUG: Found in queue: [EVSE] SENDING Packet: StatusNotification (Preparing)
DEBUG: Buffering unmatched: [EVSE] SENDING Packet: StatusNotification (Preparing)

[EVSE] RAW RECV: [3,"05db2892-881c-4c3e-9565-de07ac75a401",{}]

[EVSE] StatusNotification ACKNOWLEDGED (Preparing)

[EVSE] SENDING Packet: StatusNotification (Preparing)

[EVSE] RAW RECV: [3,"d7a7f72a-3c3e-49b3-8d7e-d53c0c754f9a",{}]

[EVSE] StatusNotification ACKNOWLEDGED (Preparing)
DEBUG: Found in queue: [EVSE] RAW RECV: [3,"05db2892-881c-4c3e-9565-de07ac75a401",{}]
DEBUG: Buffering unmatched: [EVSE] RAW RECV: [3,"05db2892-881c-4c3e-9565-de07ac75a401",{}]
DEBUG: Found in queue: [EVSE] StatusNotification ACKNOWLEDGED (Preparing)

</system-out></testcase><testcase classname="tests.api.test_mea_section8.TestMeaSection8" name="test_8_01_03_remote_start_1" time="0.105"><system-out>--------------------------------- Captured Out ---------------------------------

--- 8.1.3 Remote Start Connector 1 ---
DEBUG: Found in queue: [EVSE] SENDING Packet: StatusNotification (Preparing)
DEBUG: Buffering unmatched: [EVSE] SENDING Packet: StatusNotification (Preparing)
DEBUG: Found in queue: [EVSE] RAW RECV: [3,"d7a7f72a-3c3e-49b3-8d7e-d53c0c754f9a",{}]
DEBUG: Buffering unmatched: [EVSE] RAW RECV: [3,"d7a7f72a-3c3e-49b3-8d7e-d53c0c754f9a",{}]
DEBUG: Found in queue: [EVSE] StatusNotification ACKNOWLEDGED (Preparing)
DEBUG: Buffering unmatched: [EVSE] StatusNotification ACKNOWLEDGED (Preparing)

[EVSE] RAW RECV: [2, "uuid-rs-1", "RemoteStartTransaction", {"connectorId": 1, "idTag": "RFID_SIM"}]

[EVSE] RECV Packet: RemoteStartTransaction
Payload: {
  "idTag": "RFID_SIM",
  "connectorId": 1
}

[EVSE] Sending RemoteStartTransaction Response (Accepted)

[EVSE] SENDING Packet: StatusNotification (Preparing)

[EVSE] RAW RECV: [3,"175d2a0f-e131-41f0-8e3f-c57bd422869c",{}]

[EVSE] StatusNotification ACKNOWLEDGED (Preparing)

[EVSE] SENDING Packet: StartTransaction
Payload: {
  "connector_id": 1,
  "id_tag": "RFID_SIM",
  "meter_start": 0,
  "timestamp": "2026-01-11T13:09:54Z"
}
DEBUG: Found in queue: [EVSE] RAW RECV: [2, "uuid-rs-1", "RemoteStartTransaction", {"connectorId": 1, "idTag": "RFID_SIM"}]
DEBUG: Buffering unmatched: [EVSE] RAW RECV: [2, "uuid-rs-1", "RemoteStartTransaction", {"connectorId": 1, "idTag": "RFID_SIM"}]
DEBUG: Found in queue: [EVSE] RECV Packet: RemoteStartTransaction
Payload: {
  "idTag": "RFID_SIM",
  "connectorId": 1
}
DEBUG: Buffering unmatched: [EVSE] RECV Packet: RemoteStartTransaction
Payload: {
  "idTag": "RFID_SIM",
  "connectorId": 1
}
DEBUG: Found in queue: [EVSE] Sending RemoteStartTransaction Response (Accepted)

</system-out></testcase><testcase classname="tests.api.test_mea_section8.TestMeaSection8" name="test_8_01_04_remote_start_2" time="0.106"><system-out>--------------------------------- Captured Out ---------------------------------

--- 8.1.4 Remote Start Connector 2 ---
DEBUG: Found in queue: [EVSE] SENDING Packet: StatusNotification (Preparing)
DEBUG: Buffering unmatched: [EVSE] SENDING Packet: StatusNotification (Preparing)
DEBUG: Found in queue: [EVSE] RAW RECV: [3,"175d2a0f-e131-41f0-8e3f-c57bd422869c",{}]
DEBUG: Buffering unmatched: [EVSE] RAW RECV: [3,"175d2a0f-e131-41f0-8e3f-c57bd422869c",{}]
DEBUG: Found in queue: [EVSE] StatusNotification ACKNOWLEDGED (Preparing)
DEBUG: Buffering unmatched: [EVSE] StatusNotification ACKNOWLEDGED (Preparing)
DEBUG: Found in queue: [EVSE] SENDING Packet: StartTransaction
Payload: {
  "connector_id": 1,
  "id_tag": "RFID_SIM",
  "meter_start": 0,
  "timestamp": "2026-01-11T13:09:54Z"
}
DEBUG: Buffering unmatched: [EVSE] SENDING Packet: StartTransaction
Payload: {
  "connector_id": 1,
  "id_tag": "RFID_SIM",
  "meter_start": 0,
  "timestamp": "2026-01-11T13:09:54Z"
}

[EVSE] RAW RECV: [2, "uuid-rs-2", "RemoteStartTransaction", {"connectorId": 2, "idTag": "RFID_SIM"}]

[EVSE] RECV Packet: RemoteStartTransaction
Payload: {
  "idTag": "RFID_SIM",
  "connectorId": 2
}

[EVSE] Sending RemoteStartTransaction Response (Accepted)

[EVSE] SENDING Packet: StatusNotification (Preparing)

[EVSE] RAW RECV: [3,"b813544b-20b0-42b8-ad10-9c0b4953d67d",{"idTagInfo":{"expiryDate":"2031-01-30T12:00:44Z","parentIdTag":"pid2025","status":"Accepted"},"transactionId":7647}]

[EVSE] SENDING Packet: StatusNotification (Charging)
DEBUG: Found in queue: [EVSE] RAW RECV: [2, "uuid-rs-2", "RemoteStartTransaction", {"connectorId": 2, "idTag": "RFID_SIM"}]
DEBUG: Buffering unmatched: [EVSE] RAW RECV: [2, "uuid-rs-2", "RemoteStartTransaction", {"connectorId": 2, "idTag": "RFID_SIM"}]
DEBUG: Found in queue: [EVSE] RECV Packet: RemoteStartTransaction
Payload: {
  "idTag": "RFID_SIM",
  "connectorId": 2
}
DEBUG: Buffering unmatched: [EVSE] RECV Packet: RemoteStartTransaction
Payload: {
  "idTag": "RFID_SIM",
  "connectorId": 2
}
DEBUG: Found in queue: [EVSE] Sending RemoteStartTransaction Response (Accepted)

</system-out></testcase><testcase classname="tests.api.test_mea_section8.TestMeaSection8" name="test_8_01_05_start_transaction_1" time="0.001"><system-out>--------------------------------- Captured Out ---------------------------------

--- 8.1.5 Start Transaction Connector 1 ---
DEBUG: Found in queue: [EVSE] SENDING Packet: StatusNotification (Preparing)
DEBUG: Buffering unmatched: [EVSE] SENDING Packet: StatusNotification (Preparing)
DEBUG: Found in queue: [EVSE] RAW RECV: [3,"b813544b-20b0-42b8-ad10-9c0b4953d67d",{"idTagInfo":{"expiryDate":"2031-01-30T12:00:44Z","parentIdTag":"pid2025","status":"Accepted"},"transactionId":7647}]
DEBUG: Buffering unmatched: [EVSE] RAW RECV: [3,"b813544b-20b0-42b8-ad10-9c0b4953d67d",{"idTagInfo":{"expiryDate":"2031-01-30T12:00:44Z","parentIdTag":"pid2025","status":"Accepted"},"transactionId":7647}]
DEBUG: Found in queue: Transaction started on 1: 7647

</system-out></testcase><testcase classname="tests.api.test_mea_section8.TestMeaSection8" name="test_8_01_06_status_charging_1" time="0.104"><system-out>--------------------------------- Captured Out ---------------------------------

--- 8.1.6 Status Charging Connector 1 ---
DEBUG: Found in queue: [EVSE] SENDING Packet: StatusNotification (Charging)
DEBUG: Buffering unmatched: [EVSE] SENDING Packet: StatusNotification (Charging)

[EVSE] RAW RECV: [3,"6bb8b1bc-0ce6-40d8-bda3-3f49bc2ae8c6",{}]

[EVSE] StatusNotification ACKNOWLEDGED (Preparing)

[EVSE] SENDING Packet: StartTransaction
Payload: {
  "connector_id": 2,
  "id_tag": "RFID_SIM",
  "meter_start": 0,
  "timestamp": "2026-01-11T13:09:54Z"
}

[EVSE] RAW RECV: [3,"0f5f6a25-3c06-4a92-ace8-05ee41281805",{}]

[EVSE] StatusNotification ACKNOWLEDGED (Charging)
DEBUG: Found in queue: [EVSE] RAW RECV: [3,"6bb8b1bc-0ce6-40d8-bda3-3f49bc2ae8c6",{}]
DEBUG: Buffering unmatched: [EVSE] RAW RECV: [3,"6bb8b1bc-0ce6-40d8-bda3-3f49bc2ae8c6",{}]
DEBUG: Found in queue: [EVSE] StatusNotification ACKNOWLEDGED (Preparing)
DEBUG: Buffering unmatched: [EVSE] StatusNotification ACKNOWLEDGED (Preparing)
DEBUG: Found in queue: [EVSE] SENDING Packet: StartTransaction
Payload: {
  "connector_id": 2,
  "id_tag": "RFID_SIM",
  "meter_start": 0,
  "timestamp": "2026-01-11T13:09:54Z"
}
DEBUG: Buffering unmatched: [EVSE] SENDING Packet: StartTransaction
Payload: {
  "connector_id": 2,
  "id_tag": "RFID_SIM",
  "meter_start": 0,
  "timestamp": "2026-01-11T13:09:54Z"
}
DEBUG: Found in queue: [EVSE] RAW RECV: [3,"0f5f6a25-3c06-4a92-ace8-05ee41281805",{}]
DEBUG: Buffering unmatched: [EVSE] RAW RECV: [3,"0f5f6a25-3c06-4a92-ace8-05ee41281805",{}]
DEBUG: Found in queue: [EVSE] StatusNotification ACKNOWLEDGED (Charging)

</system-out></testcase><testcase classname="tests.api.test_mea_section8.TestMeaSection8" name="test_8_01_07_start_transaction_2" time="0.101"><system-out>--------------------------------- Captured Out ---------------------------------

--- 8.1.7 Start Transaction Connector 2 ---

[EVSE] RAW RECV: [3,"2e5d8c59-5ef7-48d3-9ecb-79ad75ef7e42",{"idTagInfo":{"expiryDate":"2031-01-30T12:00:44Z","parentIdTag":"pid2025","status":"Accepted"},"transactionId":7648}]

[EVSE] SENDING Packet: StatusNotification (Charging)

[EVSE] RAW RECV: [3,"93e33f99-646a-48a1-b996-0ee9acb7b283",{}]

[EVSE] StatusNotification ACKNOWLEDGED (Charging)
DEBUG: Found in queue: [EVSE] RAW RECV: [3,"2e5d8c59-5ef7-48d3-9ecb-79ad75ef7e42",{"idTagInfo":{"expiryDate":"2031-01-30T12:00:44Z","parentIdTag":"pid2025","status":"Accepted"},"transactionId":7648}]
DEBUG: Buffering unmatched: [EVSE] RAW RECV: [3,"2e5d8c59-5ef7-48d3-9ecb-79ad75ef7e42",{"idTagInfo":{"expiryDate":"2031-01-30T12:00:44Z","parentIdTag":"pid2025","status":"Accepted"},"transactionId":7648}]
DEBUG: Found in queue: Transaction started on 2: 7648

</system-out></testcase><testcase classname="tests.api.test_mea_section8.TestMeaSection8" name="test_8_01_08_status_charging_2" time="0.001"><system-out>--------------------------------- Captured Out ---------------------------------

--- 8.1.8 Status Charging Connector 2 ---
DEBUG: Found in queue: [EVSE] SENDING Packet: StatusNotification (Charging)
DEBUG: Buffering unmatched: [EVSE] SENDING Packet: StatusNotification (Charging)
DEBUG: Found in queue: [EVSE] RAW RECV: [3,"93e33f99-646a-48a1-b996-0ee9acb7b283",{}]
DEBUG: Buffering unmatched: [EVSE] RAW RECV: [3,"93e33f99-646a-48a1-b996-0ee9acb7b283",{}]
DEBUG: Found in queue: [EVSE] StatusNotification ACKNOWLEDGED (Charging)

</system-out></testcase><testcase classname="tests.api.test_mea_section8.TestMeaSection8" name="test_8_01_09_metervalues_1" time="4.914"><system-out>--------------------------------- Captured Out ---------------------------------

--- 8.1.9 MeterValues Connector 1 ---

[EVSE] SENDING Packet: MeterValues (TxID: 7647)

[EVSE] RAW RECV: [3,"229e38c8-0cef-4d5b-9008-3ca5e61c18c4",{}]

[EVSE] MeterValues ACKNOWLEDGED
DEBUG: Found in queue: [EVSE] SENDING Packet: MeterValues (TxID: 7647)
DEBUG: Buffering unmatched: [EVSE] SENDING Packet: MeterValues (TxID: 7647)
DEBUG: Found in queue: [EVSE] RAW RECV: [3,"229e38c8-0cef-4d5b-9008-3ca5e61c18c4",{}]
DEBUG: Buffering unmatched: [EVSE] RAW RECV: [3,"229e38c8-0cef-4d5b-9008-3ca5e61c18c4",{}]
DEBUG: Found in queue: [EVSE] MeterValues ACKNOWLEDGED

</system-out></testcase><testcase classname="tests.api.test_mea_section8.TestMeaSection8" name="test_8_01_10_metervalues_2" time="0.209"><system-out>--------------------------------- Captured Out ---------------------------------

--- 8.1.10 MeterValues Connector 2 ---

[EVSE] SENDING Packet: MeterValues (TxID: 7648)
DEBUG: Found in queue: [EVSE] SENDING Packet: MeterValues (TxID: 7648)
DEBUG: Buffering unmatched: [EVSE] SENDING Packet: MeterValues (TxID: 7648)

[EVSE] RAW RECV: [3,"354b24f6-3db8-4082-8cf6-18d636e8fec6",{}]

[EVSE] MeterValues ACKNOWLEDGED
DEBUG: Found in queue: [EVSE] RAW RECV: [3,"354b24f6-3db8-4082-8cf6-18d636e8fec6",{}]
DEBUG: Buffering unmatched: [EVSE] RAW RECV: [3,"354b24f6-3db8-4082-8cf6-18d636e8fec6",{}]
DEBUG: Found in queue: [EVSE] MeterValues ACKNOWLEDGED

</system-out></testcase><testcase classname="tests.api.test_mea_section8.TestMeaSection8" name="test_8_01_11_remote_stop_1" time="0.204"><system-out>--------------------------------- Captured Out ---------------------------------

--- 8.1.11 Remote Stop Connector 1 ---

[EVSE] SENDING Packet: StatusNotification (Finishing)

[EVSE] RAW RECV: [3,"83e89bf0-75ee-4852-8991-919f9e4beaf8",{}]

[EVSE] StatusNotification ACKNOWLEDGED (Finishing)

[EVSE] SENDING Packet: StopTransaction (ID: 7647, Reason: None)
DEBUG: Found in queue: [EVSE] SENDING Packet: StatusNotification (Finishing)
DEBUG: Buffering unmatched: [EVSE] SENDING Packet: StatusNotification (Finishing)
DEBUG: Found in queue: [EVSE] RAW RECV: [3,"83e89bf0-75ee-4852-8991-919f9e4beaf8",{}]
DEBUG: Buffering unmatched: [EVSE] RAW RECV: [3,"83e89bf0-75ee-4852-8991-919f9e4beaf8",{}]
DEBUG: Found in queue: [EVSE] StatusNotification ACKNOWLEDGED (Finishing)
DEBUG: Buffering unmatched: [EVSE] StatusNotification ACKNOWLEDGED (Finishing)
DEBUG: Found in queue: [EVSE] SENDING Packet: StopTransaction (ID: 7647, Reason: None)
DEBUG: Buffering unmatched: [EVSE] SENDING Packet: StopTransaction (ID: 7647, Reason: None)

[EVSE] RAW RECV: [3,"d5984b9f-f663-4b6c-8ef0-c9c1a0914a78",{}]

[EVSE] SENDING Packet: StatusNotification (Available)

[EVSE] RAW RECV: [3,"a45e3ab1-1207-4e09-a3a8-bad65b9e74fb",{}]

[EVSE] StatusNotification ACKNOWLEDGED (Available)
DEBUG: Found in queue: [EVSE] RAW RECV: [3,"d5984b9f-f663-4b6c-8ef0-c9c1a0914a78",{}]
DEBUG: Buffering unmatched: [EVSE] RAW RECV: [3,"d5984b9f-f663-4b6c-8ef0-c9c1a0914a78",{}]
DEBUG: Found in queue: Transaction stopped on 1: 7647

</system-out></testcase><testcase classname="tests.api.test_mea_section8.TestMeaSection8" name="test_8_01_12_stop_transaction_1" time="0.000"><system-out>--------------------------------- Captured Out ---------------------------------

</system-out></testcase><testcase classname="tests.api.test_mea_section8.TestMeaSection8" name="test_8_01_13_status_finishing_1" time="0.001"><system-out>--------------------------------- Captured Out ---------------------------------

--- 8.1.13 Status Finishing 1 ---
DEBUG: Found 'StatusNotification ACKNOWLEDGED (Finishing)' in BUFFER

</system-out></testcase><testcase classname="tests.api.test_mea_section8.TestMeaSection8" name="test_8_01_14_status_available_1" time="0.001"><system-out>--------------------------------- Captured Out ---------------------------------

--- 8.1.14 Status Available 1 ---
DEBUG: Found 'StatusNotification ACKNOWLEDGED (Available)' in BUFFER

</system-out></testcase><testcase classname="tests.api.test_mea_section8.TestMeaSection8" name="test_8_01_15_remote_stop_2" time="0.210"><system-out>--------------------------------- Captured Out ---------------------------------

--- 8.1.15 Stop Connector 2 ---
DEBUG: Found in queue: [EVSE] SENDING Packet: StatusNotification (Available)
DEBUG: Buffering unmatched: [EVSE] SENDING Packet: StatusNotification (Available)
DEBUG: Found in queue: [EVSE] RAW RECV: [3,"a45e3ab1-1207-4e09-a3a8-bad65b9e74fb",{}]
DEBUG: Buffering unmatched: [EVSE] RAW RECV: [3,"a45e3ab1-1207-4e09-a3a8-bad65b9e74fb",{}]
DEBUG: Found in queue: [EVSE] StatusNotification ACKNOWLEDGED (Available)
DEBUG: Buffering unmatched: [EVSE] StatusNotification ACKNOWLEDGED (Available)

[EVSE] SENDING Packet: StatusNotification (Finishing)
DEBUG: Found in queue: [EVSE] SENDING Packet: StatusNotification (Finishing)
DEBUG: Buffering unmatched: [EVSE] SENDING Packet: StatusNotification (Finishing)

[EVSE] RAW RECV: [3,"b351b6b7-2459-4519-b6e7-6e96fb0ad94e",{}]

[EVSE] StatusNotification ACKNOWLEDGED (Finishing)

[EVSE] SENDING Packet: StopTransaction (ID: 7648, Reason: None)

[EVSE] RAW RECV: [3,"e642fc8e-4e14-42fb-a59e-e0acd3468b94",{}]

[EVSE] SENDING Packet: StatusNotification (Available)
DEBUG: Found in queue: [EVSE] RAW RECV: [3,"b351b6b7-2459-4519-b6e7-6e96fb0ad94e",{}]
DEBUG: Buffering unmatched: [EVSE] RAW RECV: [3,"b351b6b7-2459-4519-b6e7-6e96fb0ad94e",{}]
DEBUG: Found in queue: [EVSE] StatusNotification ACKNOWLEDGED (Finishing)
DEBUG: Buffering unmatched: [EVSE] StatusNotification ACKNOWLEDGED (Finishing)
DEBUG: Found in queue: [EVSE] SENDING Packet: StopTransaction (ID: 7648, Reason: None)
DEBUG: Buffering unmatched: [EVSE] SENDING Packet: StopTransaction (ID: 7648, Reason: None)
DEBUG: Found in queue: [EVSE] RAW RECV: [3,"e642fc8e-4e14-42fb-a59e-e0acd3468b94",{}]
DEBUG: Buffering unmatched: [EVSE] RAW RECV: [3,"e642fc8e-4e14-42fb-a59e-e0acd3468b94",{}]
DEBUG: Found in queue: Transaction stopped on 2: 7648

</system-out></testcase><testcase classname="tests.api.test_mea_section8.TestMeaSection8" name="test_8_01_16_stop_transaction_2" time="0.000"><system-out>--------------------------------- Captured Out ---------------------------------

</system-out></testcase><testcase classname="tests.api.test_mea_section8.TestMeaSection8" name="test_8_01_17_status_finishing_2" time="0.000"><system-out>--------------------------------- Captured Out ---------------------------------
DEBUG: Found 'StatusNotification ACKNOWLEDGED (Finishing)' in BUFFER

</system-out></testcase><testcase classname="tests.api.test_mea_section8.TestMeaSection8" name="test_8_01_18_status_available_2" time="0.000"><system-out>--------------------------------- Captured Out ---------------------------------

--- 8.1.18 Status Available 2 ---
DEBUG: Found 'StatusNotification ACKNOWLEDGED (Available)' in BUFFER

</system-out></testcase><testcase classname="tests.api.test_mea_section8.TestMeaSection8" name="test_8_02_01_status_available" time="1.003"><system-out>--------------------------------- Captured Out ---------------------------------

--- 8.2.1 Status Available ---

[EVSE] RAW RECV: [3,"82e3029d-b854-4923-a355-02b6d7f83387",{}]

[EVSE] StatusNotification ACKNOWLEDGED (Available)

[EVSE] SENDING Packet: StatusNotification (Available)

[EVSE] RAW RECV: [3,"c3a3f03b-5439-49c4-8eba-597f7c114a9e",{}]

[EVSE] StatusNotification ACKNOWLEDGED (Available)

[EVSE] SENDING Packet: StatusNotification (Available)

[EVSE] RAW RECV: [3,"8117415d-42b1-4f1e-b124-75f0fc95c482",{}]

[EVSE] StatusNotification ACKNOWLEDGED (Available)

</system-out></testcase><testcase classname="tests.api.test_mea_section8.TestMeaSection8" name="test_8_02_02_status_preparing_1" time="0.001"><system-out>--------------------------------- Captured Out ---------------------------------

--- 8.2.2 Status Preparing (Conn 1) ---

</system-out></testcase><testcase classname="tests.api.test_mea_section8.TestMeaSection8" name="test_8_02_03_remote_start_1" time="0.000"><system-out>--------------------------------- Captured Out ---------------------------------

--- 8.2.3 Remote Start (Conn 1) ---

</system-out></testcase><testcase classname="tests.api.test_mea_section8.TestMeaSection8" name="test_8_02_04_start_transaction_1" time="0.212"><system-out>--------------------------------- Captured Out ---------------------------------

--- 8.2.4 Start Transaction (Conn 1) ---
DEBUG: Found in queue: [EVSE] SENDING Packet: StatusNotification (Available)
DEBUG: Buffering unmatched: [EVSE] SENDING Packet: StatusNotification (Available)
DEBUG: Found in queue: [EVSE] RAW RECV: [3,"82e3029d-b854-4923-a355-02b6d7f83387",{}]
DEBUG: Buffering unmatched: [EVSE] RAW RECV: [3,"82e3029d-b854-4923-a355-02b6d7f83387",{}]
DEBUG: Found in queue: [EVSE] StatusNotification ACKNOWLEDGED (Available)
DEBUG: Buffering unmatched: [EVSE] StatusNotification ACKNOWLEDGED (Available)
DEBUG: Found in queue: [EVSE] SENDING Packet: StatusNotification (Available)
DEBUG: Buffering unmatched: [EVSE] SENDING Packet: StatusNotification (Available)
DEBUG: Found in queue: [EVSE] RAW RECV: [3,"c3a3f03b-5439-49c4-8eba-597f7c114a9e",{}]
DEBUG: Buffering unmatched: [EVSE] RAW RECV: [3,"c3a3f03b-5439-49c4-8eba-597f7c114a9e",{}]
DEBUG: Found in queue: [EVSE] StatusNotification ACKNOWLEDGED (Available)
DEBUG: Buffering unmatched: [EVSE] StatusNotification ACKNOWLEDGED (Available)
DEBUG: Found in queue: [EVSE] SENDING Packet: StatusNotification (Available)
DEBUG: Buffering unmatched: [EVSE] SENDING Packet: StatusNotification (Available)
DEBUG: Found in queue: [EVSE] RAW RECV: [3,"8117415d-42b1-4f1e-b124-75f0fc95c482",{}]
DEBUG: Buffering unmatched: [EVSE] RAW RECV: [3,"8117415d-42b1-4f1e-b124-75f0fc95c482",{}]
DEBUG: Found in queue: [EVSE] StatusNotification ACKNOWLEDGED (Available)
DEBUG: Buffering unmatched: [EVSE] StatusNotification ACKNOWLEDGED (Available)

[EVSE] SENDING Packet: StatusNotification (Preparing)

[EVSE] RAW RECV: [3,"b556837b-c334-4a12-a491-475bd1c6afd4",{}]

[EVSE] StatusNotification ACKNOWLEDGED (Preparing)

[EVSE] SENDING Packet: StatusNotification (Preparing)
DEBUG: Found in queue: [EVSE] SENDING Packet: StatusNotification (Preparing)
DEBUG: Buffering unmatched: [EVSE] SENDING Packet: StatusNotification (Preparing)
DEBUG: Found in queue: [EVSE] RAW RECV: [3,"b556837b-c334-4a12-a491-475bd1c6afd4",{}]
DEBUG: Buffering unmatched: [EVSE] RAW RECV: [3,"b556837b-c334-4a12-a491-475bd1c6afd4",{}]
DEBUG: Found in queue: [EVSE] StatusNotification ACKNOWLEDGED (Preparing)
DEBUG: Buffering unmatched: [EVSE] StatusNotification ACKNOWLEDGED (Preparing)
DEBUG: Found in queue: [EVSE] SENDING Packet: StatusNotification (Preparing)
DEBUG: Buffering unmatched: [EVSE] SENDING Packet: StatusNotification (Preparing)

[EVSE] RAW RECV: [3,"0fb39ba7-d068-4db0-8245-1b32b84f1bd1",{}]

[EVSE] StatusNotification ACKNOWLEDGED (Preparing)

[EVSE] SENDING Packet: StartTransaction
Payload: {
  "connector_id": 1,
  "id_tag": "RFID_SIM",
  "meter_start": 0,
  "timestamp": "2026-01-11T13:10:01Z"
}

[EVSE] RAW RECV: [3,"d78fa527-0e40-4a55-9518-14ce3c98d0bc",{"idTagInfo":{"expiryDate":"2031-01-30T12:00:44Z","parentIdTag":"pid2025","status":"Accepted"},"transactionId":7649}]
DEBUG: Found in queue: [EVSE] RAW RECV: [3,"0fb39ba7-d068-4db0-8245-1b32b84f1bd1",{}]

[EVSE] SENDING Packet: StatusNotification (Charging)
DEBUG: Buffering unmatched: [EVSE] RAW RECV: [3,"0fb39ba7-d068-4db0-8245-1b32b84f1bd1",{}]
DEBUG: Found in queue: [EVSE] StatusNotification ACKNOWLEDGED (Preparing)
DEBUG: Buffering unmatched: [EVSE] StatusNotification ACKNOWLEDGED (Preparing)
DEBUG: Found in queue: [EVSE] SENDING Packet: StartTransaction
Payload: {
  "connector_id": 1,
  "id_tag": "RFID_SIM",
  "meter_start": 0,
  "timestamp": "2026-01-11T13:10:01Z"
}
DEBUG: Buffering unmatched: [EVSE] SENDING Packet: StartTransaction
Payload: {
  "connector_id": 1,
  "id_tag": "RFID_SIM",
  "meter_start": 0,
  "timestamp": "2026-01-11T13:10:01Z"
}
DEBUG: Found in queue: [EVSE] RAW RECV: [3,"d78fa527-0e40-4a55-9518-14ce3c98d0bc",{"idTagInfo":{"expiryDate":"2031-01-30T12:00:44Z","parentIdTag":"pid2025","status":"Accepted"},"transactionId":7649}]
DEBUG: Buffering unmatched: [EVSE] RAW RECV: [3,"d78fa527-0e40-4a55-9518-14ce3c98d0bc",{"idTagInfo":{"expiryDate":"2031-01-30T12:00:44Z","parentIdTag":"pid2025","status":"Accepted"},"transactionId":7649}]
DEBUG: Found in queue: Transaction started on 1: 7649

</system-out></testcase><testcase classname="tests.api.test_mea_section8.TestMeaSection8" name="test_8_02_05_status_charging_1" time="0.106"><system-out>--------------------------------- Captured Out ---------------------------------

--- 8.2.5 Status Charging (Conn 1) ---
DEBUG: Found in queue: [EVSE] SENDING Packet: StatusNotification (Charging)
DEBUG: Buffering unmatched: [EVSE] SENDING Packet: StatusNotification (Charging)

[EVSE] RAW RECV: [3,"1c153c4f-7906-4917-9c42-e05a28cce4ae",{}]

[EVSE] StatusNotification ACKNOWLEDGED (Charging)
DEBUG: Found in queue: [EVSE] RAW RECV: [3,"1c153c4f-7906-4917-9c42-e05a28cce4ae",{}]
DEBUG: Buffering unmatched: [EVSE] RAW RECV: [3,"1c153c4f-7906-4917-9c42-e05a28cce4ae",{}]
DEBUG: Found in queue: [EVSE] StatusNotification ACKNOWLEDGED (Charging)

</system-out></testcase><testcase classname="tests.api.test_mea_section8.TestMeaSection8" name="test_8_02_06_metervalues_1" time="5.020"><system-out>--------------------------------- Captured Out ---------------------------------

--- 8.2.6 MeterValues (Conn 1) ---

[EVSE] SENDING Packet: MeterValues (TxID: 7649)

[EVSE] RAW RECV: [3,"2bb929c2-701c-49d9-80a3-463232f0bc8d",{}]

[EVSE] MeterValues ACKNOWLEDGED
DEBUG: Found in queue: [EVSE] SENDING Packet: MeterValues (TxID: 7649)
DEBUG: Buffering unmatched: [EVSE] SENDING Packet: MeterValues (TxID: 7649)
DEBUG: Found in queue: [EVSE] RAW RECV: [3,"2bb929c2-701c-49d9-80a3-463232f0bc8d",{}]
DEBUG: Buffering unmatched: [EVSE] RAW RECV: [3,"2bb929c2-701c-49d9-80a3-463232f0bc8d",{}]
DEBUG: Found in queue: [EVSE] MeterValues ACKNOWLEDGED

</system-out></testcase><testcase classname="tests.api.test_mea_section8.TestMeaSection8" name="test_8_02_07_status_preparing_2" time="0.001"><system-out>--------------------------------- Captured Out ---------------------------------

--- 8.2.7 Status Preparing (Conn 2) ---

</system-out></testcase><testcase classname="tests.api.test_mea_section8.TestMeaSection8" name="test_8_02_08_remote_start_2" time="0.001"><system-out>--------------------------------- Captured Out ---------------------------------

--- 8.2.8 Remote Start (Conn 2) ---

</system-out></testcase><testcase classname="tests.api.test_mea_section8.TestMeaSection8" name="test_8_02_09_start_transaction_2" time="0.308"><system-out>--------------------------------- Captured Out ---------------------------------

--- 8.2.9 Start Transaction (Conn 2) ---

[EVSE] SENDING Packet: StatusNotification (Preparing)

[EVSE] RAW RECV: [3,"9337fcfb-53db-47dc-a4ef-c578375f8854",{}]

[EVSE] StatusNotification ACKNOWLEDGED (Preparing)

[EVSE] SENDING Packet: StatusNotification (Preparing)
DEBUG: Found in queue: [EVSE] SENDING Packet: StatusNotification (Preparing)
DEBUG: Buffering unmatched: [EVSE] SENDING Packet: StatusNotification (Preparing)
DEBUG: Found in queue: [EVSE] RAW RECV: [3,"9337fcfb-53db-47dc-a4ef-c578375f8854",{}]
DEBUG: Buffering unmatched: [EVSE] RAW RECV: [3,"9337fcfb-53db-47dc-a4ef-c578375f8854",{}]
DEBUG: Found in queue: [EVSE] StatusNotification ACKNOWLEDGED (Preparing)
DEBUG: Buffering unmatched: [EVSE] StatusNotification ACKNOWLEDGED (Preparing)
DEBUG: Found in queue: [EVSE] SENDING Packet: StatusNotification (Preparing)
DEBUG: Buffering unmatched: [EVSE] SENDING Packet: StatusNotification (Preparing)

[EVSE] RAW RECV: [3,"521688c0-df71-4213-9c08-5e04f068351f",{}]

[EVSE] StatusNotification ACKNOWLEDGED (Preparing)

[EVSE] SENDING Packet: StartTransaction
Payload: {
  "connector_id": 2,
  "id_tag": "RFID_SIM",
  "meter_start": 0,
  "timestamp": "2026-01-11T13:10:07Z"
}
DEBUG: Found in queue: [EVSE] RAW RECV: [3,"521688c0-df71-4213-9c08-5e04f068351f",{}]
DEBUG: Buffering unmatched: [EVSE] RAW RECV: [3,"521688c0-df71-4213-9c08-5e04f068351f",{}]
DEBUG: Found in queue: [EVSE] StatusNotification ACKNOWLEDGED (Preparing)
DEBUG: Buffering unmatched: [EVSE] StatusNotification ACKNOWLEDGED (Preparing)
DEBUG: Found in queue: [EVSE] SENDING Packet: StartTransaction
Payload: {
  "connector_id": 2,
  "id_tag": "RFID_SIM",
  "meter_start": 0,
  "timestamp": "2026-01-11T13:10:07Z"
}
DEBUG: Buffering unmatched: [EVSE] SENDING Packet: StartTransaction
Payload: {
  "connector_id": 2,
  "id_tag": "RFID_SIM",
  "meter_start": 0,
  "timestamp": "2026-01-11T13:10:07Z"
}

[EVSE] RAW RECV: [3,"2a7ba6e9-dc01-4114-8336-81c348cb9378",{"idTagInfo":{"expiryDate":"2031-01-30T12:00:44Z","parentIdTag":"pid2025","status":"Accepted"},"transactionId":7650}]

[EVSE] SENDING Packet: StatusNotification (Charging)

[EVSE] RAW RECV: [3,"bc32ec96-8a62-4170-b252-7254c1a5ab2e",{}]

[EVSE] StatusNotification ACKNOWLEDGED (Charging)
DEBUG: Found in queue: [EVSE] RAW RECV: [3,"2a7ba6e9-dc01-4114-8336-81c348cb9378",{"idTagInfo":{"expiryDate":"2031-01-30T12:00:44Z","parentIdTag":"pid2025","status":"Accepted"},"transactionId":7650}]
DEBUG: Buffering unmatched: [EVSE] RAW RECV: [3,"2a7ba6e9-dc01-4114-8336-81c348cb9378",{"idTagInfo":{"expiryDate":"2031-01-30T12:00:44Z","parentIdTag":"pid2025","status":"Accepted"},"transactionId":7650}]
DEBUG: Found in queue: Transaction started on 2: 7650

</system-out></testcase><testcase classname="tests.api.test_mea_section8.TestMeaSection8" name="test_8_02_10_status_charging_2" time="0.001"><system-out>--------------------------------- Captured Out ---------------------------------

--- 8.2.10 Status Charging (Conn 2) ---
DEBUG: Found in queue: [EVSE] SENDING Packet: StatusNotification (Charging)
DEBUG: Buffering unmatched: [EVSE] SENDING Packet: StatusNotification (Charging)
DEBUG: Found in queue: [EVSE] RAW RECV: [3,"bc32ec96-8a62-4170-b252-7254c1a5ab2e",{}]
DEBUG: Buffering unmatched: [EVSE] RAW RECV: [3,"bc32ec96-8a62-4170-b252-7254c1a5ab2e",{}]
DEBUG: Found in queue: [EVSE] StatusNotification ACKNOWLEDGED (Charging)

</system-out></testcase><testcase classname="tests.api.test_mea_section8.TestMeaSection8" name="test_8_02_11_metervalues_2" time="4.809"><system-out>--------------------------------- Captured Out ---------------------------------

--- 8.2.11 MeterValues (Conn 2) ---

[EVSE] SENDING Packet: MeterValues (TxID: 7649)
DEBUG: Found in queue: [EVSE] SENDING Packet: MeterValues (TxID: 7649)
DEBUG: Buffering unmatched: [EVSE] SENDING Packet: MeterValues (TxID: 7649)

[EVSE] RAW RECV: [3,"1a81ff07-0129-4fc5-8095-3efc81faf84a",{}]

[EVSE] MeterValues ACKNOWLEDGED
DEBUG: Found in queue: [EVSE] RAW RECV: [3,"1a81ff07-0129-4fc5-8095-3efc81faf84a",{}]
DEBUG: Buffering unmatched: [EVSE] RAW RECV: [3,"1a81ff07-0129-4fc5-8095-3efc81faf84a",{}]
DEBUG: Found in queue: [EVSE] MeterValues ACKNOWLEDGED

</system-out></testcase><testcase classname="tests.api.test_mea_section8.TestMeaSection8" name="test_8_02_12_stop_conn_1" time="0.208"><system-out>--------------------------------- Captured Out ---------------------------------

--- 8.2.12 Stop Transaction (Conn 1 - Emergency) ---

[EVSE] SENDING Packet: StatusNotification (Finishing)

[EVSE] RAW RECV: [3,"20922077-b24d-4812-9fd6-865421a44798",{}]

[EVSE] StatusNotification ACKNOWLEDGED (Finishing)

[EVSE] SENDING Packet: StopTransaction (ID: 7649, Reason: EmergencyStop)
DEBUG: Found in queue: [EVSE] SENDING Packet: StatusNotification (Finishing)
DEBUG: Buffering unmatched: [EVSE] SENDING Packet: StatusNotification (Finishing)
DEBUG: Found in queue: [EVSE] RAW RECV: [3,"20922077-b24d-4812-9fd6-865421a44798",{}]
DEBUG: Buffering unmatched: [EVSE] RAW RECV: [3,"20922077-b24d-4812-9fd6-865421a44798",{}]
DEBUG: Found in queue: [EVSE] StatusNotification ACKNOWLEDGED (Finishing)
DEBUG: Buffering unmatched: [EVSE] StatusNotification ACKNOWLEDGED (Finishing)
DEBUG: Found in queue: [EVSE] SENDING Packet: StopTransaction (ID: 7649, Reason: EmergencyStop)
DEBUG: Buffering unmatched: [EVSE] SENDING Packet: StopTransaction (ID: 7649, Reason: EmergencyStop)

[EVSE] RAW RECV: [3,"fbae2dce-b6f3-4271-b83d-7a362b3de88b",{}]

[EVSE] SENDING Packet: StatusNotification (Available)

[EVSE] SENDING Packet: MeterValues (TxID: 7650)

[EVSE] RAW RECV: [3,"d846a8dc-c76f-48f5-ae31-de1b27c01dc6",{}]

[EVSE] StatusNotification ACKNOWLEDGED (Available)
DEBUG: Found in queue: [EVSE] RAW RECV: [3,"fbae2dce-b6f3-4271-b83d-7a362b3de88b",{}]
DEBUG: Buffering unmatched: [EVSE] RAW RECV: [3,"fbae2dce-b6f3-4271-b83d-7a362b3de88b",{}]
DEBUG: Found in queue: Transaction stopped on 1: 7649

</system-out></testcase><testcase classname="tests.api.test_mea_section8.TestMeaSection8" name="test_8_02_13_stop_conn_2" time="0.207"><system-out>--------------------------------- Captured Out ---------------------------------

--- 8.2.13 Stop Transaction (Conn 2 - Emergency) ---
DEBUG: Found in queue: [EVSE] SENDING Packet: StatusNotification (Available)
DEBUG: Buffering unmatched: [EVSE] SENDING Packet: StatusNotification (Available)
DEBUG: Found in queue: [EVSE] SENDING Packet: MeterValues (TxID: 7650)
DEBUG: Buffering unmatched: [EVSE] SENDING Packet: MeterValues (TxID: 7650)
DEBUG: Found in queue: [EVSE] RAW RECV: [3,"d846a8dc-c76f-48f5-ae31-de1b27c01dc6",{}]
DEBUG: Buffering unmatched: [EVSE] RAW RECV: [3,"d846a8dc-c76f-48f5-ae31-de1b27c01dc6",{}]
DEBUG: Found in queue: [EVSE] StatusNotification ACKNOWLEDGED (Available)
DEBUG: Buffering unmatched: [EVSE] StatusNotification ACKNOWLEDGED (Available)

[EVSE] RAW RECV: [3,"b124c56c-a014-41c0-b848-4921c4d0dddc",{}]

[EVSE] MeterValues ACKNOWLEDGED

[EVSE] SENDING Packet: StatusNotification (Finishing)
DEBUG: Found in queue: [EVSE] RAW RECV: [3,"b124c56c-a014-41c0-b848-4921c4d0dddc",{}]
DEBUG: Buffering unmatched: [EVSE] RAW RECV: [3,"b124c56c-a014-41c0-b848-4921c4d0dddc",{}]
DEBUG: Found in queue: [EVSE] MeterValues ACKNOWLEDGED
DEBUG: Buffering unmatched: [EVSE] MeterValues ACKNOWLEDGED
DEBUG: Found in queue: [EVSE] SENDING Packet: StatusNotification (Finishing)
DEBUG: Buffering unmatched: [EVSE] SENDING Packet: StatusNotification (Finishing)

[EVSE] RAW RECV: [3,"732d9cbf-0a08-4c18-8a38-f9f73b277f50",{}]

[EVSE] StatusNotification ACKNOWLEDGED (Finishing)

[EVSE] SENDING Packet: StopTransaction (ID: 7650, Reason: EmergencyStop)

[EVSE] RAW RECV: [3,"c4e53fa0-e059-49b8-8c48-848f93b8db2f",{}]

[EVSE] SENDING Packet: StatusNotification (Available)
DEBUG: Found in queue: [EVSE] RAW RECV: [3,"732d9cbf-0a08-4c18-8a38-f9f73b277f50",{}]
DEBUG: Buffering unmatched: [EVSE] RAW RECV: [3,"732d9cbf-0a08-4c18-8a38-f9f73b277f50",{}]
DEBUG: Found in queue: [EVSE] StatusNotification ACKNOWLEDGED (Finishing)
DEBUG: Buffering unmatched: [EVSE] StatusNotification ACKNOWLEDGED (Finishing)
DEBUG: Found in queue: [EVSE] SENDING Packet: StopTransaction (ID: 7650, Reason: EmergencyStop)
DEBUG: Buffering unmatched: [EVSE] SENDING Packet: StopTransaction (ID: 7650, Reason: EmergencyStop)
DEBUG: Found in queue: [EVSE] RAW RECV: [3,"c4e53fa0-e059-49b8-8c48-848f93b8db2f",{}]
DEBUG: Buffering unmatched: [EVSE] RAW RECV: [3,"c4e53fa0-e059-49b8-8c48-848f93b8db2f",{}]
DEBUG: Found in queue: Transaction stopped on 2: 7650

</system-out></testcase><testcase classname="tests.api.test_mea_section8.TestMeaSection8" name="test_8_02_14_status_faulted" time="0.102"><system-out>--------------------------------- Captured Out ---------------------------------

--- 8.2.14 Status Faulted (Shared) ---
DEBUG: Found in queue: [EVSE] SENDING Packet: StatusNotification (Available)
DEBUG: Buffering unmatched: [EVSE] SENDING Packet: StatusNotification (Available)

[EVSE] RAW RECV: [3,"144559ac-3b24-45b1-8271-27d9d147b8b3",{}]

[EVSE] StatusNotification ACKNOWLEDGED (Available)

[EVSE] SENDING Packet: StatusNotification (Faulted)

[EVSE] RAW RECV: [3,"7e565e28-1ead-4884-9646-a9956cd29593",{}]

[EVSE] StatusNotification ACKNOWLEDGED (Faulted)

[EVSE] SENDING Packet: StatusNotification (Faulted)
DEBUG: Found in queue: [EVSE] RAW RECV: [3,"144559ac-3b24-45b1-8271-27d9d147b8b3",{}]
DEBUG: Buffering unmatched: [EVSE] RAW RECV: [3,"144559ac-3b24-45b1-8271-27d9d147b8b3",{}]
DEBUG: Found in queue: [EVSE] StatusNotification ACKNOWLEDGED (Available)
DEBUG: Buffering unmatched: [EVSE] StatusNotification ACKNOWLEDGED (Available)
DEBUG: Found in queue: [EVSE] SENDING Packet: StatusNotification (Faulted)
DEBUG: Buffering unmatched: [EVSE] SENDING Packet: StatusNotification (Faulted)
DEBUG: Found in queue: [EVSE] RAW RECV: [3,"7e565e28-1ead-4884-9646-a9956cd29593",{}]
DEBUG: Buffering unmatched: [EVSE] RAW RECV: [3,"7e565e28-1ead-4884-9646-a9956cd29593",{}]
DEBUG: Found in queue: [EVSE] StatusNotification ACKNOWLEDGED (Faulted)

</system-out></testcase><testcase classname="tests.api.test_mea_section8.TestMeaSection8" name="test_8_02_15_status_faulted_unplug" time="0.001"><system-out>--------------------------------- Captured Out ---------------------------------

--- 8.2.15 Status Faulted (Unplug) ---

</system-out></testcase><testcase classname="tests.api.test_mea_section8.TestMeaSection8" name="test_8_02_16_status_available" time="0.001"><system-out>--------------------------------- Captured Out ---------------------------------

--- 8.2.16 Status Available (Release) ---
DEBUG: Found 'StatusNotification ACKNOWLEDGED (Available)' in BUFFER

</system-out></testcase><testcase classname="tests.api.test_mea_section8.TestMeaSection8" name="test_8_03_01_status_available" time="1.001"><system-out>--------------------------------- Captured Out ---------------------------------

--- 8.3.1 Status Available ---

[EVSE] RAW RECV: [3,"4512dcc5-dd8f-4d8c-bcc4-e37c0cb75ab9",{}]

[EVSE] StatusNotification ACKNOWLEDGED (Faulted)

[EVSE] SENDING Packet: StatusNotification (Available)

[EVSE] RAW RECV: [3,"1a22deba-468b-44c7-aaf4-d377a7a4c549",{}]

[EVSE] StatusNotification ACKNOWLEDGED (Available)

[EVSE] SENDING Packet: StatusNotification (Available)

[EVSE] RAW RECV: [3,"4b82857f-05bb-4de2-aa40-079077b7ce71",{}]

[EVSE] StatusNotification ACKNOWLEDGED (Available)

[EVSE] SENDING Packet: StatusNotification (Available)

[EVSE] RAW RECV: [3,"6bca87a5-666b-4ee8-aaf5-d2a888058883",{}]

[EVSE] StatusNotification ACKNOWLEDGED (Available)

[EVSE] SENDING Packet: StatusNotification (Available)

[EVSE] RAW RECV: [3,"37d70272-b8d2-4ab5-be62-8e7f7674769f",{}]

[EVSE] StatusNotification ACKNOWLEDGED (Available)

</system-out></testcase><testcase classname="tests.api.test_mea_section8.TestMeaSection8" name="test_8_03_02_status_preparing_1" time="0.001"><system-out>--------------------------------- Captured Out ---------------------------------

--- 8.3.2 Status Preparing (Conn 1) ---

</system-out></testcase><testcase classname="tests.api.test_mea_section8.TestMeaSection8" name="test_8_03_03_remote_start_1" time="0.000"><system-out>--------------------------------- Captured Out ---------------------------------

</system-out></testcase><testcase classname="tests.api.test_mea_section8.TestMeaSection8" name="test_8_03_04_start_transaction_1" time="0.305"><system-out>--------------------------------- Captured Out ---------------------------------

--- 8.3.4 Start Transaction (Conn 1) ---
DEBUG: Found in queue: [EVSE] SENDING Packet: StatusNotification (Faulted)
DEBUG: Buffering unmatched: [EVSE] SENDING Packet: StatusNotification (Faulted)
DEBUG: Found in queue: [EVSE] RAW RECV: [3,"4512dcc5-dd8f-4d8c-bcc4-e37c0cb75ab9",{}]
DEBUG: Buffering unmatched: [EVSE] RAW RECV: [3,"4512dcc5-dd8f-4d8c-bcc4-e37c0cb75ab9",{}]
DEBUG: Found in queue: [EVSE] StatusNotification ACKNOWLEDGED (Faulted)
DEBUG: Buffering unmatched: [EVSE] StatusNotification ACKNOWLEDGED (Faulted)
DEBUG: Found in queue: [EVSE] SENDING Packet: StatusNotification (Available)
DEBUG: Buffering unmatched: [EVSE] SENDING Packet: StatusNotification (Available)
DEBUG: Found in queue: [EVSE] RAW RECV: [3,"1a22deba-468b-44c7-aaf4-d377a7a4c549",{}]
DEBUG: Buffering unmatched: [EVSE] RAW RECV: [3,"1a22deba-468b-44c7-aaf4-d377a7a4c549",{}]
DEBUG: Found in queue: [EVSE] StatusNotification ACKNOWLEDGED (Available)
DEBUG: Buffering unmatched: [EVSE] StatusNotification ACKNOWLEDGED (Available)
DEBUG: Found in queue: [EVSE] SENDING Packet: StatusNotification (Available)
DEBUG: Buffering unmatched: [EVSE] SENDING Packet: StatusNotification (Available)
DEBUG: Found in queue: [EVSE] RAW RECV: [3,"4b82857f-05bb-4de2-aa40-079077b7ce71",{}]
DEBUG: Buffering unmatched: [EVSE] RAW RECV: [3,"4b82857f-05bb-4de2-aa40-079077b7ce71",{}]
DEBUG: Found in queue: [EVSE] StatusNotification ACKNOWLEDGED (Available)
DEBUG: Buffering unmatched: [EVSE] StatusNotification ACKNOWLEDGED (Available)
DEBUG: Found in queue: [EVSE] SENDING Packet: StatusNotification (Available)
DEBUG: Buffering unmatched: [EVSE] SENDING Packet: StatusNotification (Available)
DEBUG: Found in queue: [EVSE] RAW RECV: [3,"6bca87a5-666b-4ee8-aaf5-d2a888058883",{}]
DEBUG: Buffering unmatched: [EVSE] RAW RECV: [3,"6bca87a5-666b-4ee8-aaf5-d2a888058883",{}]
DEBUG: Found in queue: [EVSE] StatusNotification ACKNOWLEDGED (Available)
DEBUG: Buffering unmatched: [EVSE] StatusNotification ACKNOWLEDGED (Available)
DEBUG: Found in queue: [EVSE] SENDING Packet: StatusNotification (Available)
DEBUG: Buffering unmatched: [EVSE] SENDING Packet: StatusNotification (Available)
DEBUG: Found in queue: [EVSE] RAW RECV: [3,"37d70272-b8d2-4ab5-be62-8e7f7674769f",{}]
DEBUG: Buffering unmatched: [EVSE] RAW RECV: [3,"37d70272-b8d2-4ab5-be62-8e7f7674769f",{}]
DEBUG: Found in queue: [EVSE] StatusNotification ACKNOWLEDGED (Available)
DEBUG: Buffering unmatched: [EVSE] StatusNotification ACKNOWLEDGED (Available)

[EVSE] SENDING Packet: StatusNotification (Preparing)
DEBUG: Found in queue: [EVSE] SENDING Packet: StatusNotification (Preparing)
DEBUG: Buffering unmatched: [EVSE] SENDING Packet: StatusNotification (Preparing)

[EVSE] RAW RECV: [3,"9736fb7d-4903-4796-a8a8-f172c522c310",{}]

[EVSE] StatusNotification ACKNOWLEDGED (Preparing)

[EVSE] SENDING Packet: StatusNotification (Preparing)

[EVSE] RAW RECV: [3,"63187d92-3234-49f8-8a14-3afdc932dcfe",{}]

[EVSE] StatusNotification ACKNOWLEDGED (Preparing)

[EVSE] SENDING Packet: StartTransaction
Payload: {
  "connector_id": 1,
  "id_tag": "RFID_SIM",
  "meter_start": 0,
  "timestamp": "2026-01-11T13:10:13Z"
}
DEBUG: Found in queue: [EVSE] RAW RECV: [3,"9736fb7d-4903-4796-a8a8-f172c522c310",{}]
DEBUG: Buffering unmatched: [EVSE] RAW RECV: [3,"9736fb7d-4903-4796-a8a8-f172c522c310",{}]
DEBUG: Found in queue: [EVSE] StatusNotification ACKNOWLEDGED (Preparing)
DEBUG: Buffering unmatched: [EVSE] StatusNotification ACKNOWLEDGED (Preparing)
DEBUG: Found in queue: [EVSE] SENDING Packet: StatusNotification (Preparing)
DEBUG: Buffering unmatched: [EVSE] SENDING Packet: StatusNotification (Preparing)
DEBUG: Found in queue: [EVSE] RAW RECV: [3,"63187d92-3234-49f8-8a14-3afdc932dcfe",{}]
DEBUG: Buffering unmatched: [EVSE] RAW RECV: [3,"63187d92-3234-49f8-8a14-3afdc932dcfe",{}]
DEBUG: Found in queue: [EVSE] StatusNotification ACKNOWLEDGED (Preparing)
DEBUG: Buffering unmatched: [EVSE] StatusNotification ACKNOWLEDGED (Preparing)
DEBUG: Found in queue: [EVSE] SENDING Packet: StartTransaction
Payload: {
  "connector_id": 1,
  "id_tag": "RFID_SIM",
  "meter_start": 0,
  "timestamp": "2026-01-11T13:10:13Z"
}
DEBUG: Buffering unmatched: [EVSE] SENDING Packet: StartTransaction
Payload: {
  "connector_id": 1,
  "id_tag": "RFID_SIM",
  "meter_start": 0,
  "timestamp": "2026-01-11T13:10:13Z"
}

[EVSE] RAW RECV: [3,"11bb80cb-94a2-482f-b9e8-5737adf5301a",{"idTagInfo":{"expiryDate":"2031-01-30T12:00:44Z","parentIdTag":"pid2025","status":"Accepted"},"transactionId":7651}]

[EVSE] SENDING Packet: StatusNotification (Charging)

[EVSE] RAW RECV: [3,"0a7070e8-3d70-4393-93b6-4358ee69c79d",{}]

[EVSE] StatusNotification ACKNOWLEDGED (Charging)
DEBUG: Found in queue: [EVSE] RAW RECV: [3,"11bb80cb-94a2-482f-b9e8-5737adf5301a",{"idTagInfo":{"expiryDate":"2031-01-30T12:00:44Z","parentIdTag":"pid2025","status":"Accepted"},"transactionId":7651}]
DEBUG: Buffering unmatched: [EVSE] RAW RECV: [3,"11bb80cb-94a2-482f-b9e8-5737adf5301a",{"idTagInfo":{"expiryDate":"2031-01-30T12:00:44Z","parentIdTag":"pid2025","status":"Accepted"},"transactionId":7651}]
DEBUG: Found in queue: Transaction started on 1: 7651

</system-out></testcase><testcase classname="tests.api.test_mea_section8.TestMeaSection8" name="test_8_03_05_status_charging_1" time="0.001"><system-out>--------------------------------- Captured Out ---------------------------------

--- 8.3.5 Status Charging (Conn 1) ---
DEBUG: Found in queue: [EVSE] SENDING Packet: StatusNotification (Charging)
DEBUG: Buffering unmatched: [EVSE] SENDING Packet: StatusNotification (Charging)
DEBUG: Found in queue: [EVSE] RAW RECV: [3,"0a7070e8-3d70-4393-93b6-4358ee69c79d",{}]
DEBUG: Buffering unmatched: [EVSE] RAW RECV: [3,"0a7070e8-3d70-4393-93b6-4358ee69c79d",{}]
DEBUG: Found in queue: [EVSE] StatusNotification ACKNOWLEDGED (Charging)

</system-out></testcase><testcase classname="tests.api.test_mea_section8.TestMeaSection8" name="test_8_03_06_metervalues_1" time="0.001"><system-out>--------------------------------- Captured Out ---------------------------------
DEBUG: Found 'MeterValues ACKNOWLEDGED' in BUFFER

</system-out></testcase><testcase classname="tests.api.test_mea_section8.TestMeaSection8" name="test_8_03_07_status_preparing_2" time="0.001"><system-out>--------------------------------- Captured Out ---------------------------------

--- 8.3.7 Status Preparing (Conn 2) ---

</system-out></testcase><testcase classname="tests.api.test_mea_section8.TestMeaSection8" name="test_8_03_08_remote_start_2" time="0.000"><system-out>--------------------------------- Captured Out ---------------------------------

</system-out></testcase><testcase classname="tests.api.test_mea_section8.TestMeaSection8" name="test_8_03_09_start_transaction_2" time="0.314"><system-out>--------------------------------- Captured Out ---------------------------------

--- 8.3.9 Start Transaction (Conn 2) ---

[EVSE] SENDING Packet: StatusNotification (Preparing)
DEBUG: Found in queue: [EVSE] SENDING Packet: StatusNotification (Preparing)
DEBUG: Buffering unmatched: [EVSE] SENDING Packet: StatusNotification (Preparing)

[EVSE] RAW RECV: [3,"454219b6-8ae6-4042-8066-5ee70a71be8c",{}]

[EVSE] StatusNotification ACKNOWLEDGED (Preparing)

[EVSE] SENDING Packet: StatusNotification (Preparing)

[EVSE] RAW RECV: [3,"9691c0cd-12c4-4024-9f5f-794751778976",{}]

[EVSE] StatusNotification ACKNOWLEDGED (Preparing)

[EVSE] SENDING Packet: StartTransaction
Payload: {
  "connector_id": 2,
  "id_tag": "RFID_SIM",
  "meter_start": 0,
  "timestamp": "2026-01-11T13:10:14Z"
}
DEBUG: Found in queue: [EVSE] RAW RECV: [3,"454219b6-8ae6-4042-8066-5ee70a71be8c",{}]
DEBUG: Buffering unmatched: [EVSE] RAW RECV: [3,"454219b6-8ae6-4042-8066-5ee70a71be8c",{}]
DEBUG: Found in queue: [EVSE] StatusNotification ACKNOWLEDGED (Preparing)
DEBUG: Buffering unmatched: [EVSE] StatusNotification ACKNOWLEDGED (Preparing)
DEBUG: Found in queue: [EVSE] SENDING Packet: StatusNotification (Preparing)
DEBUG: Buffering unmatched: [EVSE] SENDING Packet: StatusNotification (Preparing)
DEBUG: Found in queue: [EVSE] RAW RECV: [3,"9691c0cd-12c4-4024-9f5f-794751778976",{}]
DEBUG: Buffering unmatched: [EVSE] RAW RECV: [3,"9691c0cd-12c4-4024-9f5f-794751778976",{}]
DEBUG: Found in queue: [EVSE] StatusNotification ACKNOWLEDGED (Preparing)
DEBUG: Buffering unmatched: [EVSE] StatusNotification ACKNOWLEDGED (Preparing)
DEBUG: Found in queue: [EVSE] SENDING Packet: StartTransaction
Payload: {
  "connector_id": 2,
  "id_tag": "RFID_SIM",
  "meter_start": 0,
  "timestamp": "2026-01-11T13:10:14Z"
}
DEBUG: Buffering unmatched: [EVSE] SENDING Packet: StartTransaction
Payload: {
  "connector_id": 2,
  "id_tag": "RFID_SIM",
  "meter_start": 0,
  "timestamp": "2026-01-11T13:10:14Z"
}

[EVSE] RAW RECV: [3,"b2dc98ba-f0e7-4992-9c2e-5add7cd87aaf",{"idTagInfo":{"expiryDate":"2031-01-30T12:00:44Z","parentIdTag":"pid2025","status":"Accepted"},"transactionId":7652}]

[EVSE] SENDING Packet: StatusNotification (Charging)

[EVSE] RAW RECV: [3,"a02b9bae-595b-4484-8a68-41b00d003201",{}]

[EVSE] StatusNotification ACKNOWLEDGED (Charging)
DEBUG: Found in queue: [EVSE] RAW RECV: [3,"b2dc98ba-f0e7-4992-9c2e-5add7cd87aaf",{"idTagInfo":{"expiryDate":"2031-01-30T12:00:44Z","parentIdTag":"pid2025","status":"Accepted"},"transactionId":7652}]
DEBUG: Buffering unmatched: [EVSE] RAW RECV: [3,"b2dc98ba-f0e7-4992-9c2e-5add7cd87aaf",{"idTagInfo":{"expiryDate":"2031-01-30T12:00:44Z","parentIdTag":"pid2025","status":"Accepted"},"transactionId":7652}]
DEBUG: Found in queue: Transaction started on 2: 7652

</system-out></testcase><testcase classname="tests.api.test_mea_section8.TestMeaSection8" name="test_8_03_10_status_charging_2" time="0.001"><system-out>--------------------------------- Captured Out ---------------------------------

--- 8.3.10 Status Charging (Conn 2) ---
DEBUG: Found in queue: [EVSE] SENDING Packet: StatusNotification (Charging)
DEBUG: Buffering unmatched: [EVSE] SENDING Packet: StatusNotification (Charging)
DEBUG: Found in queue: [EVSE] RAW RECV: [3,"a02b9bae-595b-4484-8a68-41b00d003201",{}]
DEBUG: Buffering unmatched: [EVSE] RAW RECV: [3,"a02b9bae-595b-4484-8a68-41b00d003201",{}]
DEBUG: Found in queue: [EVSE] StatusNotification ACKNOWLEDGED (Charging)

</system-out></testcase><testcase classname="tests.api.test_mea_section8.TestMeaSection8" name="test_8_03_11_metervalues_2" time="4.762"><system-out>--------------------------------- Captured Out ---------------------------------

[EVSE] SENDING Packet: MeterValues (TxID: 7651)

[EVSE] RAW RECV: [3,"3d87b11b-38f4-41e6-856a-fc6414aae429",{}]

[EVSE] MeterValues ACKNOWLEDGED
DEBUG: Found in queue: [EVSE] SENDING Packet: MeterValues (TxID: 7651)
DEBUG: Buffering unmatched: [EVSE] SENDING Packet: MeterValues (TxID: 7651)
DEBUG: Found in queue: [EVSE] RAW RECV: [3,"3d87b11b-38f4-41e6-856a-fc6414aae429",{}]
DEBUG: Buffering unmatched: [EVSE] RAW RECV: [3,"3d87b11b-38f4-41e6-856a-fc6414aae429",{}]
DEBUG: Found in queue: [EVSE] MeterValues ACKNOWLEDGED

</system-out></testcase><testcase classname="tests.api.test_mea_section8.TestMeaSection8" name="test_8_03_12_power_loss_stop_1" time="0.206"><system-out>--------------------------------- Captured Out ---------------------------------

--- 8.3.12 Stop Transaction (Conn 1 - PowerLoss) ---

[EVSE] SENDING Packet: StatusNotification (Finishing)

[EVSE] RAW RECV: [3,"f7ef180f-fd46-49d4-90cf-35d8b1591f06",{}]

[EVSE] StatusNotification ACKNOWLEDGED (Finishing)

[EVSE] SENDING Packet: StopTransaction (ID: 7651, Reason: PowerLoss)
DEBUG: Found in queue: [EVSE] SENDING Packet: StatusNotification (Finishing)
DEBUG: Buffering unmatched: [EVSE] SENDING Packet: StatusNotification (Finishing)
DEBUG: Found in queue: [EVSE] RAW RECV: [3,"f7ef180f-fd46-49d4-90cf-35d8b1591f06",{}]
DEBUG: Buffering unmatched: [EVSE] RAW RECV: [3,"f7ef180f-fd46-49d4-90cf-35d8b1591f06",{}]
DEBUG: Found in queue: [EVSE] StatusNotification ACKNOWLEDGED (Finishing)
DEBUG: Buffering unmatched: [EVSE] StatusNotification ACKNOWLEDGED (Finishing)
DEBUG: Found in queue: [EVSE] SENDING Packet: StopTransaction (ID: 7651, Reason: PowerLoss)
DEBUG: Buffering unmatched: [EVSE] SENDING Packet: StopTransaction (ID: 7651, Reason: PowerLoss)

[EVSE] RAW RECV: [3,"9a47bc45-0ecf-4388-8094-eb8b192db53c",{}]

[EVSE] SENDING Packet: StatusNotification (Available)
DEBUG: Found in queue: [EVSE] RAW RECV: [3,"9a47bc45-0ecf-4388-8094-eb8b192db53c",{}]
DEBUG: Buffering unmatched: [EVSE] RAW RECV: [3,"9a47bc45-0ecf-4388-8094-eb8b192db53c",{}]
DEBUG: Found in queue: Transaction stopped on 1: 7651

</system-out></testcase><testcase classname="tests.api.test_mea_section8.TestMeaSection8" name="test_8_03_13_power_loss_stop_2" time="0.310"><system-out>--------------------------------- Captured Out ---------------------------------

--- 8.3.13 Stop Transaction (Conn 2 - PowerLoss) ---
DEBUG: Found in queue: [EVSE] SENDING Packet: StatusNotification (Available)
DEBUG: Buffering unmatched: [EVSE] SENDING Packet: StatusNotification (Available)

[EVSE] SENDING Packet: MeterValues (TxID: 7652)

[EVSE] RAW RECV: [3,"e8a82b3b-590c-4090-beaa-638590ae870b",{}]

[EVSE] StatusNotification ACKNOWLEDGED (Available)

[EVSE] SENDING Packet: StatusNotification (Finishing)

[EVSE] RAW RECV: [3,"8d083abc-427e-48f8-867d-b9d77daf5474",{}]
DEBUG: Found in queue: [EVSE] SENDING Packet: MeterValues (TxID: 7652)
DEBUG: Buffering unmatched: [EVSE] SENDING Packet: MeterValues (TxID: 7652)
DEBUG: Found in queue: [EVSE] RAW RECV: [3,"e8a82b3b-590c-4090-beaa-638590ae870b",{}]
DEBUG: Buffering unmatched: [EVSE] RAW RECV: [3,"e8a82b3b-590c-4090-beaa-638590ae870b",{}]
DEBUG: Found in queue: [EVSE] StatusNotification ACKNOWLEDGED (Available)
DEBUG: Buffering unmatched: [EVSE] StatusNotification ACKNOWLEDGED (Available)
DEBUG: Found in queue: [EVSE] SENDING Packet: StatusNotification (Finishing)
DEBUG: Buffering unmatched: [EVSE] SENDING Packet: StatusNotification (Finishing)
DEBUG: Found in queue: [EVSE] RAW RECV: [3,"8d083abc-427e-48f8-867d-b9d77daf5474",{}]
DEBUG: Buffering unmatched: [EVSE] RAW RECV: [3,"8d083abc-427e-48f8-867d-b9d77daf5474",{}]

[EVSE] RAW RECV: [3,"16a456db-8add-41b8-9bdb-84fc22ec3f5d",{}]

[EVSE] StatusNotification ACKNOWLEDGED (Finishing)

[EVSE] SENDING Packet: StopTransaction (ID: 7652, Reason: PowerLoss)
DEBUG: Found in queue: [EVSE] RAW RECV: [3,"16a456db-8add-41b8-9bdb-84fc22ec3f5d",{}]
DEBUG: Buffering unmatched: [EVSE] RAW RECV: [3,"16a456db-8add-41b8-9bdb-84fc22ec3f5d",{}]
DEBUG: Found in queue: [EVSE] StatusNotification ACKNOWLEDGED (Finishing)
DEBUG: Buffering unmatched: [EVSE] StatusNotification ACKNOWLEDGED (Finishing)
DEBUG: Found in queue: [EVSE] SENDING Packet: StopTransaction (ID: 7652, Reason: PowerLoss)
DEBUG: Buffering unmatched: [EVSE] SENDING Packet: StopTransaction (ID: 7652, Reason: PowerLoss)

[EVSE] RAW RECV: [3,"1b7e88d0-471a-4333-8513-c152d93b09f3",{}]

[EVSE] SENDING Packet: StatusNotification (Available)

[EVSE] RAW RECV: [3,"4a7fb805-6d07-4d00-8c3a-9600a61aa837",{}]

[EVSE] StatusNotification ACKNOWLEDGED (Available)
DEBUG: Found in queue: [EVSE] RAW RECV: [3,"1b7e88d0-471a-4333-8513-c152d93b09f3",{}]
DEBUG: Buffering unmatched: [EVSE] RAW RECV: [3,"1b7e88d0-471a-4333-8513-c152d93b09f3",{}]
DEBUG: Found in queue: Transaction stopped on 2: 7652

</system-out></testcase><testcase classname="tests.api.test_mea_section8.TestMeaSection8" name="test_8_03_14_reboot" time="0.001"><system-out>--------------------------------- Captured Out ---------------------------------

--- 8.3.14 Recovery (Boot) ---
DEBUG: Found 'BootNotification ACCEPTED' in BUFFER

</system-out></testcase><testcase classname="tests.api.test_mea_section8.TestMeaSection8" name="test_8_03_15_status_preparing_both" time="0.001"><system-out>--------------------------------- Captured Out ---------------------------------

--- 8.3.15 Restore Status (Preparing) ---
DEBUG: Found 'StatusNotification ACKNOWLEDGED (Preparing)' in BUFFER

</system-out></testcase><testcase classname="tests.api.test_mea_section8.TestMeaSection8" name="test_8_03_16_status_available_both" time="0.001"><system-out>--------------------------------- Captured Out ---------------------------------

--- 8.3.16 Restore Status (Available) ---
DEBUG: Found 'StatusNotification ACKNOWLEDGED (Available)' in BUFFER

[TestMeaSection8] Extended Logging DISABLED

</system-out></testcase></testsuite></testsuites>