<?xml version="1.0" encoding="utf-8"?><testsuites name="pytest tests"><testsuite name="pytest" errors="0" failures="0" skipped="17" tests="24" time="14.179" timestamp="2026-01-10T23:02:27.191042+07:00" hostname="Ruslees-iMac.local"><testcase classname="tests.api.test_mea_section1" name="test_1_1_boot_notification" time="2.005" /><testcase classname="tests.api.test_mea_section1" name="test_1_2_status_notification" time="0.000" /><testcase classname="tests.api.test_mea_section1" name="test_1_3_trigger_boot" time="0.000"><skipped type="pytest.skip" message="Unsupported API: Cannot trigger BootNotification via API">/Users/rus/development/MEA-V2G/tests/api/test_mea_section1.py:140: Unsupported API: Cannot trigger BootNotification via API</skipped></testcase><testcase classname="tests.api.test_mea_section1" name="test_1_4_boot_notification_response" time="0.000"><skipped type="pytest.skip" message="Skipped due to 1.3 being unsupported">/Users/rus/development/MEA-V2G/tests/api/test_mea_section1.py:147: Skipped due to 1.3 being unsupported</skipped></testcase><testcase classname="tests.api.test_mea_section1" name="test_1_5_trigger_status" time="0.000"><skipped type="pytest.skip" message="Unsupported API: Cannot trigger StatusNotification via API">/Users/rus/development/MEA-V2G/tests/api/test_mea_section1.py:154: Unsupported API: Cannot trigger StatusNotification via API</skipped></testcase><testcase classname="tests.api.test_mea_section1" name="test_1_6_status_notification_response" time="0.000"><skipped type="pytest.skip" message="Skipped due to 1.5 being unsupported">/Users/rus/development/MEA-V2G/tests/api/test_mea_section1.py:161: Skipped due to 1.5 being unsupported</skipped></testcase><testcase classname="tests.api.test_mea_section1" name="test_1_7_trigger_meter_values" time="0.000"><skipped type="pytest.skip" message="Unsupported API: Cannot trigger MeterValues via API">/Users/rus/development/MEA-V2G/tests/api/test_mea_section1.py:168: Unsupported API: Cannot trigger MeterValues via API</skipped></testcase><testcase classname="tests.api.test_mea_section1" name="test_1_8_meter_values_response" time="0.000"><skipped type="pytest.skip" message="Skipped due to 1.7 being unsupported">/Users/rus/development/MEA-V2G/tests/api/test_mea_section1.py:175: Skipped due to 1.7 being unsupported</skipped></testcase><testcase classname="tests.api.test_mea_section1" name="test_1_9_get_configuration" time="10.361" /><testcase classname="tests.api.test_mea_section1" name="test_1_10_change_heartbeat" time="0.341" /><testcase classname="tests.api.test_mea_section1" name="test_1_11_change_meter_sample" time="0.550" /><testcase classname="tests.api.test_mea_section1" name="test_1_12_change_unlock_connector" time="0.474" /><testcase classname="tests.api.test_mea_section1" name="test_1_13_change_availability_inoperative" time="0.000"><skipped type="pytest.skip" message="Unsupported API: No known endpoint for ChangeAvailability">/Users/rus/development/MEA-V2G/tests/api/test_mea_section1.py:270: Unsupported API: No known endpoint for ChangeAvailability</skipped></testcase><testcase classname="tests.api.test_mea_section1" name="test_1_14_status_unavailable" time="0.000"><skipped type="pytest.skip" message="Skipped due to 1.13 being unsupported">/Users/rus/development/MEA-V2G/tests/api/test_mea_section1.py:277: Skipped due to 1.13 being unsupported</skipped></testcase><testcase classname="tests.api.test_mea_section1" name="test_1_15_change_availability_operative" time="0.000"><skipped type="pytest.skip" message="Unsupported API: No known endpoint for ChangeAvailability">/Users/rus/development/MEA-V2G/tests/api/test_mea_section1.py:284: Unsupported API: No known endpoint for ChangeAvailability</skipped></testcase><testcase classname="tests.api.test_mea_section1" name="test_1_16_status_available" time="0.000"><skipped type="pytest.skip" message="Skipped due to 1.15 being unsupported">/Users/rus/development/MEA-V2G/tests/api/test_mea_section1.py:291: Skipped due to 1.15 being unsupported</skipped></testcase><testcase classname="tests.api.test_mea_section1" name="test_1_17_get_diagnostics" time="0.000"><skipped type="pytest.skip" message="Unsupported API: No known endpoint for GetDiagnostics">/Users/rus/development/MEA-V2G/tests/api/test_mea_section1.py:298: Unsupported API: No known endpoint for GetDiagnostics</skipped></testcase><testcase classname="tests.api.test_mea_section1" name="test_1_18_diagnostics_status" time="0.000"><skipped type="pytest.skip" message="Skipped due to 1.17 being unsupported">/Users/rus/development/MEA-V2G/tests/api/test_mea_section1.py:305: Skipped due to 1.17 being unsupported</skipped></testcase><testcase classname="tests.api.test_mea_section1" name="test_1_19_update_firmware" time="0.000"><skipped type="pytest.skip" message="Unsupported API: No known endpoint for UpdateFirmware">/Users/rus/development/MEA-V2G/tests/api/test_mea_section1.py:312: Unsupported API: No known endpoint for UpdateFirmware</skipped></testcase><testcase classname="tests.api.test_mea_section1" name="test_1_20_firmware_status" time="0.000"><skipped type="pytest.skip" message="Skipped due to 1.19 being unsupported">/Users/rus/development/MEA-V2G/tests/api/test_mea_section1.py:319: Skipped due to 1.19 being unsupported</skipped></testcase><testcase classname="tests.api.test_mea_section1" name="test_1_21_change_local_auth" time="0.353" /><testcase classname="tests.api.test_mea_section1" name="test_1_22_send_local_list" time="0.000"><skipped type="pytest.skip" message="Unsupported API: No known endpoint for SendLocalList">/Users/rus/development/MEA-V2G/tests/api/test_mea_section1.py:343: Unsupported API: No known endpoint for SendLocalList</skipped></testcase><testcase classname="tests.api.test_mea_section1" name="test_1_23_get_local_list_version" time="0.000"><skipped type="pytest.skip" message="Unsupported API: No known endpoint for GetLocalListVersion">/Users/rus/development/MEA-V2G/tests/api/test_mea_section1.py:350: Unsupported API: No known endpoint for GetLocalListVersion</skipped></testcase><testcase classname="tests.api.test_mea_section1" name="test_1_24_clear_cache" time="0.000"><skipped type="pytest.skip" message="Unsupported API: No known endpoint for clearCache">/Users/rus/development/MEA-V2G/tests/api/test_mea_section1.py:357: Unsupported API: No known endpoint for clearCache</skipped></testcase></testsuite></testsuites>