<?xml version="1.0" encoding="utf-8"?><testsuites name="pytest tests"><testsuite name="pytest" errors="0" failures="0" skipped="0" tests="26" time="17.322" timestamp="2026-01-11T08:01:11.683912+07:00" hostname="Ruslees-iMac.local"><testcase classname="tests.api.test_mea_section6.TestMeaSection6" name="test_6_01_status_available" time="2.004" /><testcase classname="tests.api.test_mea_section6.TestMeaSection6" name="test_6_02_status_preparing" time="0.155" /><testcase classname="tests.api.test_mea_section6.TestMeaSection6" name="test_6_03_authorize" time="0.176" /><testcase classname="tests.api.test_mea_section6.TestMeaSection6" name="test_6_04_start_transaction" time="0.182" /><testcase classname="tests.api.test_mea_section6.TestMeaSection6" name="test_6_05_status_charging" time="0.036" /><testcase classname="tests.api.test_mea_section6.TestMeaSection6" name="test_6_06_meter_values" time="2.001" /><testcase classname="tests.api.test_mea_section6.TestMeaSection6" name="test_6_07_set_charging_profile_1" time="0.347" /><testcase classname="tests.api.test_mea_section6.TestMeaSection6" name="test_6_08_meter_values" time="2.002" /><testcase classname="tests.api.test_mea_section6.TestMeaSection6" name="test_6_09_set_charging_profile_2" time="0.363" /><testcase classname="tests.api.test_mea_section6.TestMeaSection6" name="test_6_10_meter_values" time="2.003" /><testcase classname="tests.api.test_mea_section6.TestMeaSection6" name="test_6_11_stop_transaction" time="0.222" /><testcase classname="tests.api.test_mea_section6.TestMeaSection6" name="test_6_12_status_finishing" time="0.000" /><testcase classname="tests.api.test_mea_section6.TestMeaSection6" name="test_6_13_status_available" time="0.000" /><testcase classname="tests.api.test_mea_section6.TestMeaSection6" name="test_6_14_status_preparing" time="0.078" /><testcase classname="tests.api.test_mea_section6.TestMeaSection6" name="test_6_15_remote_start_transaction" time="0.455" /><testcase classname="tests.api.test_mea_section6.TestMeaSection6" name="test_6_16_start_transaction" time="0.000" /><testcase classname="tests.api.test_mea_section6.TestMeaSection6" name="test_6_17_status_charging" time="0.000" /><testcase classname="tests.api.test_mea_section6.TestMeaSection6" name="test_6_18_meter_values" time="2.000" /><testcase classname="tests.api.test_mea_section6.TestMeaSection6" name="test_6_19_set_charging_profile_3" time="0.352" /><testcase classname="tests.api.test_mea_section6.TestMeaSection6" name="test_6_20_meter_values" time="2.003" /><testcase classname="tests.api.test_mea_section6.TestMeaSection6" name="test_6_21_set_charging_profile_4" time="0.357" /><testcase classname="tests.api.test_mea_section6.TestMeaSection6" name="test_6_22_meter_values" time="2.001" /><testcase classname="tests.api.test_mea_section6.TestMeaSection6" name="test_6_23_remote_stop_transaction" time="0.475" /><testcase classname="tests.api.test_mea_section6.TestMeaSection6" name="test_6_24_stop_transaction" time="0.000" /><testcase classname="tests.api.test_mea_section6.TestMeaSection6" name="test_6_25_status_finishing" time="0.000" /><testcase classname="tests.api.test_mea_section6.TestMeaSection6" name="test_6_26_status_available" time="0.000" /></testsuite></testsuites>