<?xml version="1.0" encoding="utf-8"?><testsuites name="pytest tests"><testsuite name="pytest" errors="0" failures="0" skipped="0" tests="7" time="6.174" timestamp="2026-01-11T09:46:13.489912+07:00" hostname="Ruslees-iMac.local"><testcase classname="tests.api.test_mea_section7.TestMeaSection7" name="test_7_07_01_send_local_list" time="2.079" /><testcase classname="tests.api.test_mea_section7.TestMeaSection7" name="test_7_07_02_disconnect" time="1.001" /><testcase classname="tests.api.test_mea_section7.TestMeaSection7" name="test_7_07_03_start_transaction" time="1.001" /><testcase classname="tests.api.test_mea_section7.TestMeaSection7" name="test_7_07_04_stop_transaction" time="1.002" /><testcase classname="tests.api.test_mea_section7.TestMeaSection7" name="test_7_07_05_reconnect" time="1.003" /><testcase classname="tests.api.test_mea_section7.TestMeaSection7" name="test_7_07_06_send_start" time="0.000" /><testcase classname="tests.api.test_mea_section7.TestMeaSection7" name="test_7_07_07_send_stop" time="0.000" /></testsuite></testsuites>