<?xml version="1.0" encoding="utf-8"?><testsuites name="pytest tests"><testsuite name="pytest" errors="0" failures="0" skipped="0" tests="19" time="24.080" timestamp="2026-01-10T23:42:02.764716+07:00" hostname="Ruslees-iMac.local"><testcase classname="tests.api.test_mea_section3.TestMeaSection3" name="test_3_01_boot_notification" time="3.009" /><testcase classname="tests.api.test_mea_section3.TestMeaSection3" name="test_3_02_status_notification_available" time="1.002" /><testcase classname="tests.api.test_mea_section3.TestMeaSection3" name="test_3_03_status_notification_plug" time="1.002" /><testcase classname="tests.api.test_mea_section3.TestMeaSection3" name="test_3_04_authorize" time="1.004" /><testcase classname="tests.api.test_mea_section3.TestMeaSection3" name="test_3_05_start_transaction" time="3.002" /><testcase classname="tests.api.test_mea_section3.TestMeaSection3" name="test_3_06_status_notification_charging" time="1.001" /><testcase classname="tests.api.test_mea_section3.TestMeaSection3" name="test_3_07_meter_values" time="2.003" /><testcase classname="tests.api.test_mea_section3.TestMeaSection3" name="test_3_08_stop_transaction_manual" time="3.003" /><testcase classname="tests.api.test_mea_section3.TestMeaSection3" name="test_3_09_status_notification_plug" time="0.000" /><testcase classname="tests.api.test_mea_section3.TestMeaSection3" name="test_3_10_status_notification_unplug" time="1.005" /><testcase classname="tests.api.test_mea_section3.TestMeaSection3" name="test_3_11_status_notification_plug" time="1.001" /><testcase classname="tests.api.test_mea_section3.TestMeaSection3" name="test_3_12_remote_start_transaction" time="0.490" /><testcase classname="tests.api.test_mea_section3.TestMeaSection3" name="test_3_13_start_transaction_remote" time="3.005" /><testcase classname="tests.api.test_mea_section3.TestMeaSection3" name="test_3_14_status_notification_charging" time="1.005" /><testcase classname="tests.api.test_mea_section3.TestMeaSection3" name="test_3_15_meter_values" time="1.005" /><testcase classname="tests.api.test_mea_section3.TestMeaSection3" name="test_3_16_remote_stop_transaction" time="0.443" /><testcase classname="tests.api.test_mea_section3.TestMeaSection3" name="test_3_17_stop_transaction_remote" time="0.000" /><testcase classname="tests.api.test_mea_section3.TestMeaSection3" name="test_3_18_status_notification_plug" time="0.000" /><testcase classname="tests.api.test_mea_section3.TestMeaSection3" name="test_3_19_status_notification_unplug" time="1.004" /></testsuite></testsuites>