<?xml version="1.0" encoding="utf-8"?><testsuites name="pytest tests"><testsuite name="pytest" errors="0" failures="0" skipped="0" tests="19" time="24.111" timestamp="2026-01-11T19:25:12.836088+07:00" hostname="Ruslees-iMac.local"><testcase classname="tests.api.test_mea_section3.TestMeaSection3" name="test_3_01_boot_notification" time="3.007"><system-out>--------------------------------- Captured Out ---------------------------------

[EVSE] RAW RECV: [3,"4542764e-d9c2-418c-bc3b-513c63cd8fa8",{"currentTime":"2026-01-11T12:25:50Z","interval":3600,"status":"Accepted"}]

[EVSE] BootNotification ACCEPTED

[EVSE] RAW RECV: [3,"612ac9d6-b949-4bf6-b6d9-8217418c54cc",{}]

[EVSE] StatusNotification ACKNOWLEDGED (Available)

[EVSE] RAW RECV: [3,"d5aa20f4-98bc-4c07-a21a-d3c61b77a99d",{}]

[EVSE] StatusNotification ACKNOWLEDGED (Available)

[EVSE] RAW RECV: [3,"86af538b-c52f-4101-a01d-7a1eeac9f74e",{"currentTime":"2026-01-11T12:25:50Z"}]

[EVSE] Heartbeat ACKNOWLEDGED (Time: 2026-01-11T12:25:50Z)

[TestMeaSection3] Extended Logging ENABLED for Report Generation

--- 3.1 BootNotification ---

[EVSE] SENDING Packet: BootNotification
Payload: {
  "chargePointModel": "MEA-V2G-01",
  "chargePointVendor": "KMUTNB"
}

[EVSE] RAW RECV: [3,"b8c9410c-e9b5-4949-90f7-8a675e214cbf",{"currentTime":"2026-01-11T12:25:51Z","interval":3600,"status":"Accepted"}]

[EVSE] BootNotification ACCEPTED

</system-out></testcase><testcase classname="tests.api.test_mea_section3.TestMeaSection3" name="test_3_02_status_notification_available" time="1.001"><system-out>--------------------------------- Captured Out ---------------------------------

--- 3.2 StatusNotification (Available) ---

[EVSE] SENDING Packet: StatusNotification (Available)

[EVSE] RAW RECV: [3,"7ed342e0-7eb8-4228-a615-69686184a308",{}]

[EVSE] StatusNotification ACKNOWLEDGED (Available)

</system-out></testcase><testcase classname="tests.api.test_mea_section3.TestMeaSection3" name="test_3_03_status_notification_plug" time="1.006"><system-out>--------------------------------- Captured Out ---------------------------------

--- 3.3 StatusNotification (Plug) -&gt; Preparing ---

[EVSE] SENDING Packet: StatusNotification (Preparing)

[EVSE] RAW RECV: [3,"1e4a53ee-74b7-4ee4-9fb4-977db6dcb08b",{}]

[EVSE] StatusNotification ACKNOWLEDGED (Preparing)

</system-out></testcase><testcase classname="tests.api.test_mea_section3.TestMeaSection3" name="test_3_04_authorize" time="1.006"><system-out>--------------------------------- Captured Out ---------------------------------

--- 3.4 Authorize (Valid Card) ---

[EVSE] SENDING Packet: Authorize (idTag=RFID_SIM)

[EVSE] RAW RECV: [3,"4381b15d-af15-4bca-aaa1-04f3be00bd6d",{"idTagInfo":{"expiryDate":"2031-01-30T12:00:44Z","parentIdTag":"pid2025","status":"Accepted"}}]

[EVSE] Authorize ACKNOWLEDGED (Accepted)

</system-out></testcase><testcase classname="tests.api.test_mea_section3.TestMeaSection3" name="test_3_05_start_transaction" time="3.005"><system-out>--------------------------------- Captured Out ---------------------------------

--- 3.5 StartTransaction ---

[EVSE] SENDING Packet: StatusNotification (Preparing)

[EVSE] RAW RECV: [3,"912278ff-22d0-47e6-86d1-de8165c27f7b",{}]

[EVSE] StatusNotification ACKNOWLEDGED (Preparing)

[EVSE] SENDING Packet: StartTransaction
Payload: {
  "connector_id": 1,
  "id_tag": "RFID_SIM",
  "meter_start": 0,
  "timestamp": "2026-01-11T12:25:19Z"
}

[EVSE] RAW RECV: [3,"6561092e-c564-4dfb-9b36-042c10689b66",{"idTagInfo":{"expiryDate":"2031-01-30T12:00:44Z","parentIdTag":"pid2025","status":"Accepted"},"transactionId":7631}]

[EVSE] SENDING Packet: StatusNotification (Charging)

[EVSE] RAW RECV: [3,"a7550ff5-7f45-4ff1-8079-b543ad046d99",{}]

[EVSE] StatusNotification ACKNOWLEDGED (Charging)

</system-out></testcase><testcase classname="tests.api.test_mea_section3.TestMeaSection3" name="test_3_06_status_notification_charging" time="1.002"><system-out>--------------------------------- Captured Out ---------------------------------

--- 3.6 StatusNotification (Charging) ---

[EVSE] SENDING Packet: StatusNotification (Charging)

[EVSE] RAW RECV: [3,"e29c762c-6f5a-4c05-84ab-65b580ac26c6",{}]

[EVSE] StatusNotification ACKNOWLEDGED (Charging)

</system-out></testcase><testcase classname="tests.api.test_mea_section3.TestMeaSection3" name="test_3_07_meter_values" time="2.009"><system-out>--------------------------------- Captured Out ---------------------------------

--- 3.7 MeterValues ---

[EVSE] SENDING Packet: MeterValues (One-off)

[EVSE] RAW RECV: [3,"40741367-e4ed-4dd3-9082-a52e4a47f46a",{}]

[EVSE] MeterValues ACKNOWLEDGED

[EVSE] SENDING Packet: MeterValues (TxID: 7631)

[EVSE] RAW RECV: [3,"6cd24899-6ba6-46ab-a3d7-e3ba8d2f047e",{}]

[EVSE] MeterValues ACKNOWLEDGED

</system-out></testcase><testcase classname="tests.api.test_mea_section3.TestMeaSection3" name="test_3_08_stop_transaction_manual" time="3.004"><system-out>--------------------------------- Captured Out ---------------------------------

--- 3.8 StopTransaction (Valid Card) ---

[EVSE] SENDING Packet: StatusNotification (Finishing)

[EVSE] RAW RECV: [3,"32af8824-232b-46d2-b7d2-926cc3064cd7",{}]

[EVSE] StatusNotification ACKNOWLEDGED (Finishing)

[EVSE] SENDING Packet: StopTransaction (ID: 7631, Reason: Local)

[EVSE] RAW RECV: [3,"86f49501-b977-430f-a8da-a3827cd29645",{}]

[EVSE] SENDING Packet: StatusNotification (Available)

[EVSE] RAW RECV: [3,"155dc81d-8c2f-486f-82ec-48ff5b098194",{}]

[EVSE] StatusNotification ACKNOWLEDGED (Available)

</system-out></testcase><testcase classname="tests.api.test_mea_section3.TestMeaSection3" name="test_3_09_status_notification_plug" time="0.001"><system-out>--------------------------------- Captured Out ---------------------------------

--- 3.9 StatusNotification (Plug) -&gt; Finishing/Preparing ---

</system-out></testcase><testcase classname="tests.api.test_mea_section3.TestMeaSection3" name="test_3_10_status_notification_unplug" time="1.001"><system-out>--------------------------------- Captured Out ---------------------------------

--- 3.10 StatusNotification (Unplug) -&gt; Available ---

[EVSE] SENDING Packet: StatusNotification (Available)

[EVSE] RAW RECV: [3,"80f58ac7-33a9-4b73-9007-7ca8c25a888f",{}]

[EVSE] StatusNotification ACKNOWLEDGED (Available)

</system-out></testcase><testcase classname="tests.api.test_mea_section3.TestMeaSection3" name="test_3_11_status_notification_plug" time="1.003"><system-out>--------------------------------- Captured Out ---------------------------------

--- 3.11 StatusNotification (Plug) -&gt; Preparing ---

[EVSE] SENDING Packet: StatusNotification (Preparing)

[EVSE] RAW RECV: [3,"a51fec19-23ff-4f53-ae2b-306f36e96ba0",{}]

[EVSE] StatusNotification ACKNOWLEDGED (Preparing)

</system-out></testcase><testcase classname="tests.api.test_mea_section3.TestMeaSection3" name="test_3_12_remote_start_transaction" time="0.466"><system-out>--------------------------------- Captured Out ---------------------------------

--- 3.12 RemoteStartTransaction ---

[EVSE] RAW RECV: [2,"b3debb88eee811f08e870242c0a8300e","RemoteStartTransaction",{"connectorId":1,"idTag":"RFID_SIM"}]

[EVSE] RECV Packet: RemoteStartTransaction
Payload: {
  "idTag": "RFID_SIM",
  "connectorId": 1
}

[EVSE] Sending RemoteStartTransaction Response (Accepted)

[EVSE] SENDING Packet: StatusNotification (Preparing)

[EVSE] RAW RECV: [3,"3041b59a-df73-4175-a3b2-3fc0ea74b260",{}]

[EVSE] StatusNotification ACKNOWLEDGED (Preparing)

[EVSE] SENDING Packet: StartTransaction
Payload: {
  "connector_id": 1,
  "id_tag": "RFID_SIM",
  "meter_start": 0,
  "timestamp": "2026-01-11T12:25:30Z"
}

[EVSE] RAW RECV: [3,"2a0a7043-0e75-449a-be39-a7b1654487f7",{"idTagInfo":{"expiryDate":"2031-01-30T12:00:44Z","parentIdTag":"pid2025","status":"Accepted"},"transactionId":7632}]

[EVSE] SENDING Packet: StatusNotification (Charging)

[EVSE] RAW RECV: [3,"aa67d953-6f6b-48f5-93fe-33769b2b2d68",{}]

[EVSE] StatusNotification ACKNOWLEDGED (Charging)
RemoteStart API Response: {"status":"OK","code":200,"messages":"OK","server-time":"2026-01-11T12:26:06Z","result":{"status":true,"transaction_id":"7632"}}

</system-out></testcase><testcase classname="tests.api.test_mea_section3.TestMeaSection3" name="test_3_13_start_transaction_remote" time="3.006"><system-out>--------------------------------- Captured Out ---------------------------------

--- 3.13 StartTransaction (triggered by RemoteStart) ---
Active Transaction ID: 7632

</system-out></testcase><testcase classname="tests.api.test_mea_section3.TestMeaSection3" name="test_3_14_status_notification_charging" time="1.005"><system-out>--------------------------------- Captured Out ---------------------------------

--- 3.14 StatusNotification (Charging) ---

[EVSE] SENDING Packet: StatusNotification (Charging)

[EVSE] RAW RECV: [3,"7b35cf7f-a2a3-4414-ad87-c56d22cb60a0",{}]

[EVSE] StatusNotification ACKNOWLEDGED (Charging)

</system-out></testcase><testcase classname="tests.api.test_mea_section3.TestMeaSection3" name="test_3_15_meter_values" time="1.003"><system-out>--------------------------------- Captured Out ---------------------------------

--- 3.15 MeterValues ---

[EVSE] SENDING Packet: MeterValues (One-off)

[EVSE] RAW RECV: [3,"7e666cd3-098e-4aad-9c80-4e4e37449670",{}]

[EVSE] MeterValues ACKNOWLEDGED

[EVSE] SENDING Packet: MeterValues (TxID: 7632)

</system-out></testcase><testcase classname="tests.api.test_mea_section3.TestMeaSection3" name="test_3_16_remote_stop_transaction" time="0.451"><system-out>--------------------------------- Captured Out ---------------------------------

--- 3.16 RemoteStopTransaction ---
Stopping Transaction ID: 7632

[EVSE] RAW RECV: [3,"e365382b-66d8-4471-9e8a-150e785b95c4",{}]

[EVSE] MeterValues ACKNOWLEDGED

[EVSE] RAW RECV: [2,"b72091b3eee811f08e760242c0a8300e","RemoteStopTransaction",{"transactionId":7632}]

[EVSE] Sending RemoteStopTransaction Response (Accepted)

[EVSE] SENDING Packet: StatusNotification (Finishing)

[EVSE] RAW RECV: [3,"2e9d4155-54d1-4948-a54c-6dd0c95f633e",{}]

[EVSE] StatusNotification ACKNOWLEDGED (Finishing)

[EVSE] SENDING Packet: StopTransaction (ID: 7632, Reason: Remote)

[EVSE] RAW RECV: [3,"87ac6f8e-8a64-4691-bf51-cb3dc4126d9c",{}]

[EVSE] SENDING Packet: StatusNotification (Available)

[EVSE] RAW RECV: [3,"cac9bee8-471d-420e-b9a6-2db527c4735f",{}]

[EVSE] StatusNotification ACKNOWLEDGED (Available)
RemoteStop API Response: {"status":"OK","code":200,"messages":"OK","server-time":"2026-01-11T12:26:11Z","result":{"transaction_id":7632,"start_time":"2026-01-11T12:25:03Z","stop_time":"2026-01-11T12:25:03Z","kWh":0.1}}

</system-out></testcase><testcase classname="tests.api.test_mea_section3.TestMeaSection3" name="test_3_17_stop_transaction_remote" time="0.001"><system-out>--------------------------------- Captured Out ---------------------------------

--- 3.17 StopTransaction (triggered by RemoteStop) ---

</system-out></testcase><testcase classname="tests.api.test_mea_section3.TestMeaSection3" name="test_3_18_status_notification_plug" time="0.001"><system-out>--------------------------------- Captured Out ---------------------------------

--- 3.18 StatusNotification (Plug) ---

</system-out></testcase><testcase classname="tests.api.test_mea_section3.TestMeaSection3" name="test_3_19_status_notification_unplug" time="1.002"><system-out>--------------------------------- Captured Out ---------------------------------

--- 3.19 StatusNotification (Unplug) -&gt; Available ---

[EVSE] SENDING Packet: StatusNotification (Available)

[EVSE] RAW RECV: [3,"01ef836b-532a-4315-976a-412f7981f779",{}]

[EVSE] StatusNotification ACKNOWLEDGED (Available)

[TestMeaSection3] Extended Logging DISABLED

</system-out></testcase></testsuite></testsuites>