<?xml version="1.0" encoding="utf-8"?><testsuites name="pytest tests"><testsuite name="pytest" errors="0" failures="0" skipped="0" tests="21" time="24.770" timestamp="2026-01-10T23:33:54.468137+07:00" hostname="Ruslees-iMac.local"><testcase classname="tests.api.test_mea_section2.TestMeaSection2" name="test_2_01_config_auto_charge_false" time="2.092" /><testcase classname="tests.api.test_mea_section2.TestMeaSection2" name="test_2_02_plug_preparing" time="1.003" /><testcase classname="tests.api.test_mea_section2.TestMeaSection2" name="test_2_03_unplug_available" time="1.005" /><testcase classname="tests.api.test_mea_section2.TestMeaSection2" name="test_2_04_config_auto_charge_true" time="0.074" /><testcase classname="tests.api.test_mea_section2.TestMeaSection2" name="test_2_05_plug_preparing" time="1.001" /><testcase classname="tests.api.test_mea_section2.TestMeaSection2" name="test_2_06_authorize" time="1.001" /><testcase classname="tests.api.test_mea_section2.TestMeaSection2" name="test_2_07_start_transaction" time="6.006" /><testcase classname="tests.api.test_mea_section2.TestMeaSection2" name="test_2_08_status_charging" time="1.001" /><testcase classname="tests.api.test_mea_section2.TestMeaSection2" name="test_2_09_meter_values" time="1.001" /><testcase classname="tests.api.test_mea_section2.TestMeaSection2" name="test_2_10_remote_stop_transaction" time="0.466" /><testcase classname="tests.api.test_mea_section2.TestMeaSection2" name="test_2_11_stop_transaction" time="0.000" /><testcase classname="tests.api.test_mea_section2.TestMeaSection2" name="test_2_12_status_finishing" time="0.000" /><testcase classname="tests.api.test_mea_section2.TestMeaSection2" name="test_2_13_status_available" time="1.001" /><testcase classname="tests.api.test_mea_section2.TestMeaSection2" name="test_2_14_plug_session2" time="1.002" /><testcase classname="tests.api.test_mea_section2.TestMeaSection2" name="test_2_15_authorize_session2" time="1.002" /><testcase classname="tests.api.test_mea_section2.TestMeaSection2" name="test_2_16_start_transaction_session2" time="3.006" /><testcase classname="tests.api.test_mea_section2.TestMeaSection2" name="test_2_17_status_charging_session2" time="1.001" /><testcase classname="tests.api.test_mea_section2.TestMeaSection2" name="test_2_18_meter_values_session2" time="1.001" /><testcase classname="tests.api.test_mea_section2.TestMeaSection2" name="test_2_19_status_suspended_ev" time="1.001" /><testcase classname="tests.api.test_mea_section2.TestMeaSection2" name="test_2_20_stop_transaction_unplug" time="1.004" /><testcase classname="tests.api.test_mea_section2.TestMeaSection2" name="test_2_21_status_available_session2" time="0.001" /></testsuite></testsuites>