<?xml version="1.0" encoding="utf-8"?><testsuites name="pytest tests"><testsuite name="pytest" errors="0" failures="0" skipped="0" tests="24" time="57.836" timestamp="2026-01-11T19:45:53.521593+07:00" hostname="Ruslees-iMac.local"><testcase classname="tests.api.test_mea_section1.TestMeaSection1" name="test_1_1_boot_notification" time="2.004"><system-out>--------------------------------- Captured Out ---------------------------------

[EVSE] RAW RECV: [3,"d2a19b8f-620e-4117-abbb-a4e192632a7e",{"currentTime":"2026-01-11T12:46:31Z","interval":3600,"status":"Accepted"}]

[EVSE] BootNotification ACCEPTED

[EVSE] RAW RECV: [3,"3b6296f6-64ef-4b41-bc11-2bda45fdae4b",{}]

[EVSE] StatusNotification ACKNOWLEDGED (Available)

[EVSE] RAW RECV: [3,"eeccca5e-5074-4788-892b-30ec1bba363c",{}]

[EVSE] StatusNotification ACKNOWLEDGED (Available)

[EVSE] RAW RECV: [3,"b4a284a2-965a-42d1-aa04-328d477373dc",{"currentTime":"2026-01-11T12:46:31Z"}]

[EVSE] Heartbeat ACKNOWLEDGED (Time: 2026-01-11T12:46:31Z)

[TestMeaSection1] Extended Logging ENABLED for Report Generation

--- TEST CASE: 1.1 BootNotification ---
Waiting for BootNotification in logs...
[EVSE] Connected to CSMS!
[EVSE] Sending BootNotification...
[EVSE] BootNotification ACCEPTED
SUCCESS: BootNotification ACCEPTED found.

</system-out></testcase><testcase classname="tests.api.test_mea_section1.TestMeaSection1" name="test_1_2_status_notification" time="0.001"><system-out>--------------------------------- Captured Out ---------------------------------

--- TEST CASE: 1.2 StatusNotification ---
[EVSE] Sending StatusNotification (Available)...
SUCCESS: StatusNotification found.

</system-out></testcase><testcase classname="tests.api.test_mea_section1.TestMeaSection1" name="test_1_3_trigger_boot" time="0.080"><system-out>--------------------------------- Captured Out ---------------------------------

--- TEST CASE: 1.3 TriggerMessage (BootNotification) ---
[RESULT_ANNOTATION] (Injected)

[EVSE] RAW RECV: [2, "uuid-TriggerMessage", "TriggerMessage", {"requestedMessage": "BootNotification"}]

[EVSE] RECV Packet: TriggerMessage (BootNotification)

[EVSE] Sending TriggerMessage Response (Accepted)
SUCCESS: TriggerMessage Response (Accepted) found.

</system-out></testcase><testcase classname="tests.api.test_mea_section1.TestMeaSection1" name="test_1_4_boot_notification_response" time="0.046"><system-out>--------------------------------- Captured Out ---------------------------------

--- TEST CASE: 1.4 BootNotification (Response) ---

[EVSE] RAW RECV: [3,"b1607320-41aa-4aaf-b652-e6fa3d0fc724",{"currentTime":"2026-01-11T12:46:32Z","interval":3600,"status":"Accepted"}]

[EVSE] BootNotification ACCEPTED
SUCCESS: BootNotification received.

</system-out></testcase><testcase classname="tests.api.test_mea_section1.TestMeaSection1" name="test_1_5_trigger_status" time="0.001"><system-out>--------------------------------- Captured Out ---------------------------------

--- TEST CASE: 1.5 TriggerMessage (StatusNotification) ---
[RESULT_ANNOTATION] (Injected)

</system-out></testcase><testcase classname="tests.api.test_mea_section1.TestMeaSection1" name="test_1_6_status_notification_response" time="0.057"><system-out>--------------------------------- Captured Out ---------------------------------

--- TEST CASE: 1.6 StatusNotification (Response) ---

[EVSE] RAW RECV: [2, "uuid-TriggerMessage", "TriggerMessage", {"requestedMessage": "StatusNotification"}]
SUCCESS: StatusNotification received.

</system-out></testcase><testcase classname="tests.api.test_mea_section1.TestMeaSection1" name="test_1_7_trigger_meter_values" time="0.001"><system-out>--------------------------------- Captured Out ---------------------------------

--- TEST CASE: 1.7 TriggerMessage (MeterValues) ---
[RESULT_ANNOTATION] (Injected)

</system-out></testcase><testcase classname="tests.api.test_mea_section1.TestMeaSection1" name="test_1_8_meter_values_response" time="0.100"><system-out>--------------------------------- Captured Out ---------------------------------

--- TEST CASE: 1.8 MeterValues (Response) ---

[EVSE] RAW RECV: [3,"8ed3dc22-6b5c-457f-93ad-14e5d86a7459",{}]

[EVSE] StatusNotification ACKNOWLEDGED (Available)

[EVSE] RAW RECV: [2, "uuid-TriggerMessage", "TriggerMessage", {"requestedMessage": "MeterValues"}]
SUCCESS: MeterValues received.

</system-out></testcase><testcase classname="tests.api.test_mea_section1.TestMeaSection1" name="test_1_9_get_configuration" time="10.422"><system-out>--------------------------------- Captured Out ---------------------------------

--- TEST CASE: 1.9 GetConfiguration ---

[EVSE] RAW RECV: [3,"825972d5-aa53-43e1-a9dd-0bcce6b64836",{}]

[EVSE] MeterValues ACKNOWLEDGED

[EVSE] RAW RECV: [2,"8e9ce296eeeb11f0b6b60242c0a8300e","GetConfiguration",{"key":[]}]

[EVSE] RECV Packet: GetConfiguration
Payload: {
  "keys": null,
  "key": []
}

[EVSE] Sending GetConfiguration Response (Count: 5)
API Response: 200
Body: {"status":"OK","code":200,"messages":"OK","server-time":"2026-01-11T12:46:32Z","result":{"configurationKey":[{"key":"MEAV2G","readonly":false,"value":"true"},{"key":"MeterValueSampleInterval","readonly":false,"value":"5"},{"key":"HeartbeatInterval","readonly":false,"value":"600"},{"key":"LocalAuthorizeOffline","readonly":false,"value":"false"},{"key":"Power.Active.Import","readonly":false,"value":"0"}],"unknownKey":[]}}
[EVSE] RECV Packet: TriggerMessage (MeterValues)
[EVSE] Sending TriggerMessage Response (Accepted)
[EVSE] SENDING Packet: MeterValues (One-off)
[EVSE] RAW RECV: [3,"825972d5-aa53-43e1-a9dd-0bcce6b64836",{}]
[EVSE] MeterValues ACKNOWLEDGED
[EVSE] RAW RECV: [2,"8e9ce296eeeb11f0b6b60242c0a8300e","GetConfiguration",{"key":[]}]
[EVSE] RECV Packet: GetConfiguration
Payload: {
  "keys": null,
  "key": []
}
[EVSE] Sending GetConfiguration Response (Count: 5)

</system-out></testcase><testcase classname="tests.api.test_mea_section1.TestMeaSection1" name="test_1_10_change_heartbeat" time="0.342"><system-out>--------------------------------- Captured Out ---------------------------------

--- TEST CASE: 1.10 ChangeConfiguration (HeartbeatInterval) ---

[EVSE] RAW RECV: [2,"94ca64e7eeeb11f0abb00242c0a8300e","ChangeConfiguration",{"key":"HeartbeatInterval","value":"600"}]

[EVSE] RECV Packet: ChangeConfiguration
Payload: {
  "key": "HeartbeatInterval",
  "value": "600"
}

[EVSE] Sending ChangeConfiguration Response (Accepted)
API Response: 200

</system-out></testcase><testcase classname="tests.api.test_mea_section1.TestMeaSection1" name="test_1_11_change_meter_sample" time="0.380"><system-out>--------------------------------- Captured Out ---------------------------------

--- TEST CASE: 1.11 ChangeConfiguration (MeterValueSampleInterval) ---

[EVSE] RAW RECV: [2,"95045280eeeb11f092a30242c0a8300e","ChangeConfiguration",{"key":"MeterValueSampleInterval","value":"30"}]

[EVSE] RECV Packet: ChangeConfiguration
Payload: {
  "key": "MeterValueSampleInterval",
  "value": "30"
}

[EVSE] Sending ChangeConfiguration Response (Accepted)
API Response: 200

</system-out></testcase><testcase classname="tests.api.test_mea_section1.TestMeaSection1" name="test_1_12_change_unlock_connector" time="0.366"><system-out>--------------------------------- Captured Out ---------------------------------

--- TEST CASE: 1.12 ChangeConfiguration (UnlockConnectorOnEVSideDisconnect) ---

[EVSE] RAW RECV: [2,"953bfbdaeeeb11f0a2f70242c0a8300e","ChangeConfiguration",{"key":"UnlockConnectorOnEVSideDisconnect","value":"true"}]

[EVSE] RECV Packet: ChangeConfiguration
Payload: {
  "key": "UnlockConnectorOnEVSideDisconnect",
  "value": "true"
}

[EVSE] Sending ChangeConfiguration Response (Accepted)
API Response: 200

</system-out></testcase><testcase classname="tests.api.test_mea_section1.TestMeaSection1" name="test_1_13_change_availability_inoperative" time="0.001"><system-out>--------------------------------- Captured Out ---------------------------------

--- TEST CASE: 1.13 ChangeAvailability (Inoperative) ---
[RESULT_ANNOTATION] (Injected)

</system-out></testcase><testcase classname="tests.api.test_mea_section1.TestMeaSection1" name="test_1_14_status_unavailable" time="10.034"><system-out>--------------------------------- Captured Out ---------------------------------

--- TEST CASE: 1.14 StatusNotification (Unavailable) ---
[EVSE] RAW RECV: [2, "uuid-ChangeAvailability", "ChangeAvailability", {"connectorId": 1, "type": "Inoperative"}]


[EVSE] RECV Packet: ChangeAvailability (Inoperative for 1)

[EVSE] Sending ChangeAvailability Response (Accepted)

</system-out></testcase><testcase classname="tests.api.test_mea_section1.TestMeaSection1" name="test_1_15_change_availability_operative" time="0.001"><system-out>--------------------------------- Captured Out ---------------------------------

--- TEST CASE: 1.15 ChangeAvailability (Operative) ---
[RESULT_ANNOTATION] (Injected)

</system-out></testcase><testcase classname="tests.api.test_mea_section1.TestMeaSection1" name="test_1_16_status_available" time="10.333"><system-out>--------------------------------- Captured Out ---------------------------------

--- TEST CASE: 1.16 StatusNotification (Available) ---

[EVSE] RAW RECV: [2, "uuid-ChangeAvailability", "ChangeAvailability", {"connectorId": 1, "type": "Operative"}]

[EVSE] RECV Packet: ChangeAvailability (Operative for 1)

[EVSE] Sending ChangeAvailability Response (Accepted)

[EVSE] SENDING Packet: Heartbeat

[EVSE] RAW RECV: [3,"4cd69357-9977-4116-bd40-3fc1a1fc7223",{"currentTime":"2026-01-11T12:47:01Z"}]

[EVSE] Heartbeat ACKNOWLEDGED (Time: 2026-01-11T12:47:01Z)

[EVSE] SENDING Packet: Heartbeat

[EVSE] RAW RECV: [3,"82c92c4a-01f9-4a11-9776-63cce82c5244",{"currentTime":"2026-01-11T12:47:02Z"}]

[EVSE] Heartbeat ACKNOWLEDGED (Time: 2026-01-11T12:47:02Z)

</system-out></testcase><testcase classname="tests.api.test_mea_section1.TestMeaSection1" name="test_1_17_get_diagnostics" time="0.001"><system-out>--------------------------------- Captured Out ---------------------------------

--- TEST CASE: 1.17 GetDiagnostics ---
[RESULT_ANNOTATION] (Injected)

</system-out></testcase><testcase classname="tests.api.test_mea_section1.TestMeaSection1" name="test_1_18_diagnostics_status" time="10.105"><system-out>--------------------------------- Captured Out ---------------------------------

--- TEST CASE: 1.18 DiagnosticsStatusNotification ---

[EVSE] RAW RECV: [2, "uuid-GetDiagnostics", "GetDiagnostics", {"location": "ftp://example.com"}]

[EVSE] RECV Packet: GetDiagnostics (ftp://example.com)

[EVSE] Sending GetDiagnostics Response (fileName: diagnostics.log)

</system-out></testcase><testcase classname="tests.api.test_mea_section1.TestMeaSection1" name="test_1_19_update_firmware" time="0.001"><system-out>--------------------------------- Captured Out ---------------------------------

--- TEST CASE: 1.19 UpdateFirmware ---
[RESULT_ANNOTATION] (Injected)

</system-out></testcase><testcase classname="tests.api.test_mea_section1.TestMeaSection1" name="test_1_20_firmware_status" time="10.066"><system-out>--------------------------------- Captured Out ---------------------------------

--- TEST CASE: 1.20 FirmwareStatusNotification ---

[EVSE] RAW RECV: [2, "uuid-UpdateFirmware", "UpdateFirmware", {"location": "ftp://example.com", "retrieveDate": "2026-01-11T12:46:37.919794Z"}]

[EVSE] RECV Packet: UpdateFirmware (ftp://example.com)

[EVSE] Sending UpdateFirmware Response (Accepted)

</system-out></testcase><testcase classname="tests.api.test_mea_section1.TestMeaSection1" name="test_1_21_change_local_auth" time="0.337"><system-out>--------------------------------- Captured Out ---------------------------------

--- TEST CASE: 1.21 ChangeConfiguration (LocalAuthorizeOffline) ---

[EVSE] RAW RECV: [2,"ad9cf30feeeb11f083d60242c0a8300e","ChangeConfiguration",{"key":"LocalAuthorizeOffline","value":"true"}]

[EVSE] RECV Packet: ChangeConfiguration
Payload: {
  "key": "LocalAuthorizeOffline",
  "value": "true"
}

[EVSE] Sending ChangeConfiguration Response (Accepted)
API Response: 200

</system-out></testcase><testcase classname="tests.api.test_mea_section1.TestMeaSection1" name="test_1_22_send_local_list" time="1.011"><system-out>--------------------------------- Captured Out ---------------------------------

--- TEST CASE: 1.22 SendLocalList ---
[RESULT_ANNOTATION] (Injected)

[EVSE] RAW RECV: [2, "uuid-SendLocalList", "SendLocalList", {"listVersion": 1, "localAuthorizationList": [], "updateType": "Full"}]

[EVSE] RECV Packet: SendLocalList (ver=1, type=Full, len=0)
SUCCESS: SendLocalList received.

</system-out></testcase><testcase classname="tests.api.test_mea_section1.TestMeaSection1" name="test_1_23_get_local_list_version" time="1.007"><system-out>--------------------------------- Captured Out ---------------------------------

--- TEST CASE: 1.23 GetLocalListVersion ---
[RESULT_ANNOTATION] (Injected)

[EVSE] RAW RECV: [2, "uuid-GetLocalListVersion", "GetLocalListVersion", {}]

[EVSE] RECV Packet: GetLocalListVersion

[EVSE] Sending GetLocalListVersion Response (Version: 1)
SUCCESS: GetLocalListVersion received.

</system-out></testcase><testcase classname="tests.api.test_mea_section1.TestMeaSection1" name="test_1_24_clear_cache" time="1.012"><system-out>--------------------------------- Captured Out ---------------------------------

--- TEST CASE: 1.24 clearCache ---
[RESULT_ANNOTATION] (Injected)

[EVSE] RAW RECV: [2, "uuid-ClearCache", "ClearCache", {}]

[EVSE] RECV Packet: ClearCache

[EVSE] Sending ClearCache Response (Accepted)
SUCCESS: ClearCache received.

[TestMeaSection1] Extended Logging DISABLED

</system-out></testcase></testsuite></testsuites>