<?xml version="1.0" encoding="utf-8"?><testsuites name="pytest tests"><testsuite name="pytest" errors="0" failures="0" skipped="0" tests="2" time="43.154" timestamp="2026-01-11T19:52:13.923505+07:00" hostname="Ruslees-iMac.local"><testcase classname="tests.api.test_mea_section11.TestMeaSection11" name="test_11_01_reconnect_time" time="2.007"><system-out>--------------------------------- Captured Out ---------------------------------

[EVSE] RAW RECV: [3,"86aa6839-f735-499c-8a25-fcacd2c27743",{"currentTime":"2026-01-11T12:52:51Z","interval":3600,"status":"Accepted"}]

[EVSE] BootNotification ACCEPTED

[EVSE] RAW RECV: [3,"1cf5c0ef-e91a-4862-a3c8-667788e96ee7",{}]

[EVSE] StatusNotification ACKNOWLEDGED (Available)

[EVSE] RAW RECV: [3,"29726c89-a11f-4169-b889-fda2451bc349",{}]

[EVSE] StatusNotification ACKNOWLEDGED (Available)

[EVSE] RAW RECV: [3,"2617a906-dbeb-4339-bb6a-ddc2ee6cffde",{"currentTime":"2026-01-11T12:52:51Z"}]

[EVSE] Heartbeat ACKNOWLEDGED (Time: 2026-01-11T12:52:51Z)

[TestMeaSection11] Extended Logging ENABLED for Report Generation

--- 11.1 Reconnect Time ---
DEBUG: Triggering Disconnect...
DEBUG: Reconnect took 0.00 seconds
Reconnection Time: 0.00s

</system-out></testcase><testcase classname="tests.api.test_mea_section11.TestMeaSection11" name="test_11_02_average_performance" time="41.038"><system-out>--------------------------------- Captured Out ---------------------------------

--- 11.2 Average Performance ---
Iteration 1/5...
DEBUG: Triggering Disconnect...

[EVSE] SENDING Packet: BootNotification
Payload: {
  "chargePointModel": "MEA-V2G-01",
  "chargePointVendor": "KMUTNB"
}

[EVSE] SENDING Packet: BootNotification
Payload: {
  "chargePointModel": "MEA-V2G-01",
  "chargePointVendor": "KMUTNB"
}

[EVSE] RAW RECV: [3,"baa7e991-bce2-4c6d-ae38-3a5be8af0036",{"currentTime":"2026-01-11T12:53:04Z","interval":3600,"status":"Accepted"}]

[EVSE] BootNotification ACCEPTED

[EVSE] SENDING Packet: StatusNotification (Available)
DEBUG: Reconnect took 11.25 seconds
Iteration 2/5...

[EVSE] RAW RECV: [3,"98be0b8d-4b62-4e15-8326-f13713f97cfb",{}]

[EVSE] StatusNotification ACKNOWLEDGED (Available)

[EVSE] SENDING Packet: StatusNotification (Available)

[EVSE] RAW RECV: [3,"dfbf8fc4-f958-4ee3-8a26-d6d5f96bb351",{}]

[EVSE] StatusNotification ACKNOWLEDGED (Available)

[EVSE] SENDING Packet: Heartbeat

[EVSE] RAW RECV: [3,"d1169e58-089a-4964-8db9-aa3fef8a258f",{"currentTime":"2026-01-11T12:53:04Z"}]

[EVSE] Heartbeat ACKNOWLEDGED (Time: 2026-01-11T12:53:04Z)
DEBUG: Triggering Disconnect...

[EVSE] SENDING Packet: BootNotification
Payload: {
  "chargePointModel": "MEA-V2G-01",
  "chargePointVendor": "KMUTNB"
}

[EVSE] RAW RECV: [3,"dc73ebc2-1442-45a8-aa2f-fac7e048a24e",{"currentTime":"2026-01-11T12:53:11Z","interval":3600,"status":"Accepted"}]

[EVSE] BootNotification ACCEPTED

[EVSE] SENDING Packet: StatusNotification (Available)
DEBUG: Reconnect took 6.14 seconds
Iteration 3/5...

[EVSE] RAW RECV: [3,"387ef60a-4b9b-4690-847e-875ebfae1d8c",{}]

[EVSE] StatusNotification ACKNOWLEDGED (Available)

[EVSE] SENDING Packet: StatusNotification (Available)

[EVSE] RAW RECV: [3,"842a1451-1684-4df4-9414-c0a53b642c34",{}]

[EVSE] StatusNotification ACKNOWLEDGED (Available)

[EVSE] SENDING Packet: Heartbeat

[EVSE] RAW RECV: [3,"8bc090bc-7015-49c9-9611-dfdbb93ab0a6",{"currentTime":"2026-01-11T12:53:11Z"}]

[EVSE] Heartbeat ACKNOWLEDGED (Time: 2026-01-11T12:53:11Z)
DEBUG: Triggering Disconnect...

[EVSE] SENDING Packet: BootNotification
Payload: {
  "chargePointModel": "MEA-V2G-01",
  "chargePointVendor": "KMUTNB"
}

[EVSE] RAW RECV: [3,"bfbd911f-01bc-410d-9c3b-5aa7a8265d80",{"currentTime":"2026-01-11T12:53:18Z","interval":3600,"status":"Accepted"}]

[EVSE] BootNotification ACCEPTED

[EVSE] SENDING Packet: StatusNotification (Available)
DEBUG: Reconnect took 6.14 seconds
Iteration 4/5...

[EVSE] RAW RECV: [3,"cf1cb83b-a2b5-4142-b276-429e6976b83c",{}]

[EVSE] StatusNotification ACKNOWLEDGED (Available)

[EVSE] SENDING Packet: StatusNotification (Available)

[EVSE] RAW RECV: [3,"a638e394-a41e-458c-b994-b6aa9a49a6b9",{}]

[EVSE] StatusNotification ACKNOWLEDGED (Available)

[EVSE] SENDING Packet: Heartbeat

[EVSE] RAW RECV: [3,"86f72d83-418d-42bc-bec6-f319311fa266",{"currentTime":"2026-01-11T12:53:19Z"}]

[EVSE] Heartbeat ACKNOWLEDGED (Time: 2026-01-11T12:53:19Z)
DEBUG: Triggering Disconnect...

[EVSE] SENDING Packet: Heartbeat

[EVSE] SENDING Packet: BootNotification
Payload: {
  "chargePointModel": "MEA-V2G-01",
  "chargePointVendor": "KMUTNB"
}

[EVSE] RAW RECV: [3,"69c5664a-10b2-4093-8665-6a796b1dec9c",{"currentTime":"2026-01-11T12:53:26Z","interval":3600,"status":"Accepted"}]

[EVSE] BootNotification ACCEPTED

[EVSE] SENDING Packet: StatusNotification (Available)

[EVSE] RAW RECV: [3,"fccd106b-2fde-4d93-80ac-e3093940c2ed",{}]

[EVSE] StatusNotification ACKNOWLEDGED (Available)

[EVSE] SENDING Packet: StatusNotification (Available)
DEBUG: Reconnect took 6.23 seconds
Iteration 5/5...

[EVSE] RAW RECV: [3,"77d27dfb-bbe5-4ff3-9480-2f7f428031d2",{}]

[EVSE] StatusNotification ACKNOWLEDGED (Available)

[EVSE] SENDING Packet: Heartbeat

[EVSE] RAW RECV: [3,"0fd9bd71-7f6c-41e7-b62c-8f625465c7c7",{"currentTime":"2026-01-11T12:53:26Z"}]

[EVSE] Heartbeat ACKNOWLEDGED (Time: 2026-01-11T12:53:26Z)
DEBUG: Triggering Disconnect...

[EVSE] SENDING Packet: BootNotification
Payload: {
  "chargePointModel": "MEA-V2G-01",
  "chargePointVendor": "KMUTNB"
}

[EVSE] RAW RECV: [3,"8efcd474-5b36-4462-8876-6277082cae58",{"currentTime":"2026-01-11T12:53:33Z","interval":3600,"status":"Accepted"}]

[EVSE] BootNotification ACCEPTED

[EVSE] SENDING Packet: StatusNotification (Available)

[EVSE] RAW RECV: [3,"c58a6786-570a-490f-af5c-58ca688b5d8b",{}]

[EVSE] StatusNotification ACKNOWLEDGED (Available)

[EVSE] SENDING Packet: StatusNotification (Available)
DEBUG: Reconnect took 6.26 seconds
Average Reconnection Time (5 runs): 7.20s
Min: 6.14s, Max: 11.25s

[TestMeaSection11] Extended Logging DISABLED

</system-out></testcase></testsuite></testsuites>